#
# There is insufficient memory for the Java Runtime Environment to continue.
# Native memory allocation (mmap) failed to map 80740352 bytes. Error detail: G1 virtual space
# Possible reasons:
#   The system is out of physical RAM or swap space
#   This process is running with CompressedOops enabled, and the Java Heap may be blocking the growth of the native heap
# Possible solutions:
#   Reduce memory load on the system
#   Increase physical memory or swap space
#   Check if swap backing store is full
#   Decrease Java heap size (-Xmx/-Xms)
#   Decrease number of Java threads
#   Decrease Java thread stack sizes (-Xss)
#   Set larger code cache with -XX:ReservedCodeCacheSize=
#   JVM is running with Unscaled Compressed Oops mode in which the Java heap is
#     placed in the first 4GB address space. The Java Heap base address is the
#     maximum limit for the native heap growth. Please use -XX:HeapBaseMinAddress
#     to set the Java Heap base and to place the Java Heap above 4GB virtual address.
# This output file may be truncated or incomplete.
#
#  Out of Memory Error (os_windows.cpp:3686), pid=1880, tid=10020
#
# JRE version: OpenJDK Runtime Environment Temurin-21.0.6+7 (21.0.6+7) (build 21.0.6+7-LTS)
# Java VM: OpenJDK 64-Bit Server VM Temurin-21.0.6+7 (21.0.6+7-LTS, mixed mode, sharing, tiered, compressed oops, compressed class ptrs, g1 gc, windows-amd64)
# No core dump will be written. Minidumps are not enabled by default on client versions of Windows
#

---------------  S U M M A R Y ------------

Command Line: -Dfile.encoding=UTF-8 -Dstdout.encoding=UTF-8 -Dstderr.encoding=UTF-8 -XX:+ShowCodeDetailsInExceptionMessages com.tcs.training.InventorySystemApplication

Host: Intel(R) Core(TM) i7-1065G7 CPU @ 1.30GHz, 8 cores, 7G,  Windows 10 , 64 bit Build 19041 (10.0.19041.5678)
Time: Wed May  7 23:00:59 2025 India Standard Time elapsed time: 570.500794 seconds (0d 0h 9m 30s)

---------------  T H R E A D  ---------------

Current thread (0x0000024bf5a990a0):  VMThread "VM Thread"          [id=10020, stack(0x000000b7fba00000,0x000000b7fbb00000) (1024K)]

Stack: [0x000000b7fba00000,0x000000b7fbb00000]
Native frames: (J=compiled Java code, j=interpreted, Vv=VM code, C=native code)
V  [jvm.dll+0x6cdee9]
V  [jvm.dll+0x8a83d1]
V  [jvm.dll+0x8aa8fe]
V  [jvm.dll+0x8aafe3]
V  [jvm.dll+0x27f706]
V  [jvm.dll+0x6ca755]
V  [jvm.dll+0x6bea3a]
V  [jvm.dll+0x355d6a]
V  [jvm.dll+0x35d936]
V  [jvm.dll+0x3af58e]
V  [jvm.dll+0x3af838]
V  [jvm.dll+0x329efc]
V  [jvm.dll+0x329f87]
V  [jvm.dll+0x36dd4c]
V  [jvm.dll+0x36c598]
V  [jvm.dll+0x3296c1]
V  [jvm.dll+0x36bfc8]
V  [jvm.dll+0x8b0cff]
V  [jvm.dll+0x8b2084]
V  [jvm.dll+0x8b25c0]
V  [jvm.dll+0x8b2863]
V  [jvm.dll+0x851f8b]
V  [jvm.dll+0x6cc5ed]
C  [ucrtbase.dll+0x21bb2]
C  [KERNEL32.DLL+0x17374]
C  [ntdll.dll+0x4cc91]

VM_Operation (0x000000b7fdbfe5e0): G1TryInitiateConcMark, mode: safepoint, requested by thread 0x0000024bff35b390


---------------  P R O C E S S  ---------------

Threads class SMR info:
_java_thread_list=0x0000024bc1a0bd50, length=36, elements={
0x0000024bf5ab45d0, 0x0000024bf5ab5220, 0x0000024bf5ab6e80, 0x0000024bf5ab9c50,
0x0000024bf5abc7a0, 0x0000024bf5ad1b10, 0x0000024bf5ad38a0, 0x0000024bf5ad6d50,
0x0000024bf5c21f80, 0x0000024bf5c2c580, 0x0000024bfb8b25c0, 0x0000024bff359fe0,
0x0000024bff35ad00, 0x0000024bfcea0bc0, 0x0000024bfce9ca20, 0x0000024bfb9c9120,
0x0000024bc175b3d0, 0x0000024bfce9eaf0, 0x0000024bfce9d0b0, 0x0000024bfcea2600,
0x0000024bfce9d740, 0x0000024bfce9f180, 0x0000024bff35c740, 0x0000024bff35ba20,
0x0000024bff35a670, 0x0000024bff35cdd0, 0x0000024bff357880, 0x0000024bff35b390,
0x0000024bff3564d0, 0x0000024bff356b60, 0x0000024bff35d460, 0x0000024bff3571f0,
0x0000024bff3585a0, 0x0000024bff358c30, 0x0000024bff3592c0, 0x0000024bff359950
}

Java Threads: ( => current thread )
  0x0000024bf5ab45d0 JavaThread "Reference Handler"          daemon [_thread_blocked, id=9732, stack(0x000000b7fbb00000,0x000000b7fbc00000) (1024K)]
  0x0000024bf5ab5220 JavaThread "Finalizer"                  daemon [_thread_blocked, id=9716, stack(0x000000b7fbc00000,0x000000b7fbd00000) (1024K)]
  0x0000024bf5ab6e80 JavaThread "Signal Dispatcher"          daemon [_thread_blocked, id=13268, stack(0x000000b7fbd00000,0x000000b7fbe00000) (1024K)]
  0x0000024bf5ab9c50 JavaThread "Attach Listener"            daemon [_thread_blocked, id=12052, stack(0x000000b7fbe00000,0x000000b7fbf00000) (1024K)]
  0x0000024bf5abc7a0 JavaThread "Service Thread"             daemon [_thread_blocked, id=1932, stack(0x000000b7fbf00000,0x000000b7fc000000) (1024K)]
  0x0000024bf5ad1b10 JavaThread "Monitor Deflation Thread"   daemon [_thread_blocked, id=8568, stack(0x000000b7fc000000,0x000000b7fc100000) (1024K)]
  0x0000024bf5ad38a0 JavaThread "C2 CompilerThread0"         daemon [_thread_blocked, id=6372, stack(0x000000b7fc100000,0x000000b7fc200000) (1024K)]
  0x0000024bf5ad6d50 JavaThread "C1 CompilerThread0"         daemon [_thread_blocked, id=9256, stack(0x000000b7fc200000,0x000000b7fc300000) (1024K)]
  0x0000024bf5c21f80 JavaThread "Notification Thread"        daemon [_thread_blocked, id=16540, stack(0x000000b7fc300000,0x000000b7fc400000) (1024K)]
  0x0000024bf5c2c580 JavaThread "Common-Cleaner"             daemon [_thread_blocked, id=10228, stack(0x000000b7fc400000,0x000000b7fc500000) (1024K)]
  0x0000024bfb8b25c0 JavaThread "mysql-cj-abandoned-connection-cleanup" daemon [_thread_blocked, id=13532, stack(0x000000b7fd400000,0x000000b7fd500000) (1024K)]
  0x0000024bff359fe0 JavaThread "Live Reload Server"         daemon [_thread_in_native, id=15600, stack(0x000000b7fd900000,0x000000b7fda00000) (1024K)]
  0x0000024bff35ad00 JavaThread "DestroyJavaVM"                     [_thread_blocked, id=17736, stack(0x000000b7fb300000,0x000000b7fb400000) (1024K)]
  0x0000024bfcea0bc0 JavaThread "Thread-7"                          [_thread_blocked, id=9392, stack(0x000000b7fb000000,0x000000b7fb100000) (1024K)]
  0x0000024bfce9ca20 JavaThread "restartedMain"                     [_thread_blocked, id=3760, stack(0x000000b7fb100000,0x000000b7fb200000) (1024K)]
  0x0000024bfb9c9120 JavaThread "C2 CompilerThread1"         daemon [_thread_blocked, id=12488, stack(0x000000b7fc500000,0x000000b7fc600000) (1024K)]
  0x0000024bc175b3d0 JavaThread "C2 CompilerThread2"         daemon [_thread_blocked, id=17440, stack(0x000000b7fc600000,0x000000b7fc700000) (1024K)]
  0x0000024bfce9eaf0 JavaThread "Catalina-utility-1"                [_thread_blocked, id=4212, stack(0x000000b7fc700000,0x000000b7fc800000) (1024K)]
  0x0000024bfce9d0b0 JavaThread "Catalina-utility-2"                [_thread_blocked, id=2936, stack(0x000000b7fc800000,0x000000b7fc900000) (1024K)]
  0x0000024bfcea2600 JavaThread "container-0"                       [_thread_blocked, id=16660, stack(0x000000b7fd100000,0x000000b7fd200000) (1024K)]
  0x0000024bfce9d740 JavaThread "HikariPool-3 housekeeper"   daemon [_thread_blocked, id=13892, stack(0x000000b7fd200000,0x000000b7fd300000) (1024K)]
  0x0000024bfce9f180 JavaThread "HikariPool-3 connection adder" daemon [_thread_blocked, id=10612, stack(0x000000b7fd300000,0x000000b7fd400000) (1024K)]
  0x0000024bff35c740 JavaThread "ClassGraph-worker-280"      daemon [_thread_blocked, id=11652, stack(0x000000b7fd500000,0x000000b7fd600000) (1024K)]
  0x0000024bff35ba20 JavaThread "ClassGraph-worker-281"      daemon [_thread_blocked, id=4808, stack(0x000000b7fd600000,0x000000b7fd700000) (1024K)]
  0x0000024bff35a670 JavaThread "ClassGraph-worker-282"      daemon [_thread_blocked, id=17076, stack(0x000000b7fd700000,0x000000b7fd800000) (1024K)]
  0x0000024bff35cdd0 JavaThread "ClassGraph-worker-283"      daemon [_thread_blocked, id=13316, stack(0x000000b7fd800000,0x000000b7fd900000) (1024K)]
  0x0000024bff357880 JavaThread "ClassGraph-worker-284"      daemon [_thread_blocked, id=13576, stack(0x000000b7fda00000,0x000000b7fdb00000) (1024K)]
  0x0000024bff35b390 JavaThread "ClassGraph-worker-285"      daemon [_thread_blocked, id=2608, stack(0x000000b7fdb00000,0x000000b7fdc00000) (1024K)]
  0x0000024bff3564d0 JavaThread "ClassGraph-worker-286"      daemon [_thread_blocked, id=13628, stack(0x000000b7fdc00000,0x000000b7fdd00000) (1024K)]
  0x0000024bff356b60 JavaThread "ClassGraph-worker-287"      daemon [_thread_blocked, id=14424, stack(0x000000b7fdd00000,0x000000b7fde00000) (1024K)]
  0x0000024bff35d460 JavaThread "ClassGraph-worker-288"      daemon [_thread_blocked, id=11628, stack(0x000000b7fde00000,0x000000b7fdf00000) (1024K)]
  0x0000024bff3571f0 JavaThread "ClassGraph-worker-289"      daemon [_thread_blocked, id=7020, stack(0x000000b7fdf00000,0x000000b7fe000000) (1024K)]
  0x0000024bff3585a0 JavaThread "ClassGraph-worker-290"      daemon [_thread_blocked, id=2188, stack(0x000000b7fe000000,0x000000b7fe100000) (1024K)]
  0x0000024bff358c30 JavaThread "ClassGraph-worker-291"      daemon [_thread_blocked, id=14144, stack(0x000000b7fe100000,0x000000b7fe200000) (1024K)]
  0x0000024bff3592c0 JavaThread "ClassGraph-worker-292"      daemon [_thread_blocked, id=3552, stack(0x000000b7fe200000,0x000000b7fe300000) (1024K)]
  0x0000024bff359950 JavaThread "ClassGraph-worker-293"      daemon [_thread_blocked, id=16804, stack(0x000000b7fe300000,0x000000b7fe400000) (1024K)]
Total: 36

Other Threads:
=>0x0000024bf5a990a0 VMThread "VM Thread"                           [id=10020, stack(0x000000b7fba00000,0x000000b7fbb00000) (1024K)]
  0x0000024bf5a86fd0 WatcherThread "VM Periodic Task Thread"        [id=11044, stack(0x000000b7fb900000,0x000000b7fba00000) (1024K)]
  0x0000024bddcf0400 WorkerThread "GC Thread#0"                     [id=13304, stack(0x000000b7fb400000,0x000000b7fb500000) (1024K)]
  0x0000024bfa8238b0 WorkerThread "GC Thread#1"                     [id=13872, stack(0x000000b7fc900000,0x000000b7fca00000) (1024K)]
  0x0000024bfa567280 WorkerThread "GC Thread#2"                     [id=7656, stack(0x000000b7fca00000,0x000000b7fcb00000) (1024K)]
  0x0000024bfa567620 WorkerThread "GC Thread#3"                     [id=3112, stack(0x000000b7fcb00000,0x000000b7fcc00000) (1024K)]
  0x0000024bfa5679c0 WorkerThread "GC Thread#4"                     [id=12888, stack(0x000000b7fcc00000,0x000000b7fcd00000) (1024K)]
  0x0000024bfa567d60 WorkerThread "GC Thread#5"                     [id=132, stack(0x000000b7fcd00000,0x000000b7fce00000) (1024K)]
  0x0000024bfb237370 WorkerThread "GC Thread#6"                     [id=14068, stack(0x000000b7fcf00000,0x000000b7fd000000) (1024K)]
  0x0000024bfb65f1f0 WorkerThread "GC Thread#7"                     [id=8924, stack(0x000000b7fd000000,0x000000b7fd100000) (1024K)]
  0x0000024bddd01e00 ConcurrentGCThread "G1 Main Marker"            [id=10116, stack(0x000000b7fb500000,0x000000b7fb600000) (1024K)]
  0x0000024bddd02900 WorkerThread "G1 Conc#0"                       [id=14504, stack(0x000000b7fb600000,0x000000b7fb700000) (1024K)]
  0x0000024bfbcf0670 WorkerThread "G1 Conc#1"                       [id=16372, stack(0x000000b7fce00000,0x000000b7fcf00000) (1024K)]
  0x0000024bf5959a80 ConcurrentGCThread "G1 Refine#0"               [id=18248, stack(0x000000b7fb700000,0x000000b7fb800000) (1024K)]
  0x0000024bf595b4a0 ConcurrentGCThread "G1 Service"                [id=11904, stack(0x000000b7fb800000,0x000000b7fb900000) (1024K)]
Total: 15

Threads with active compile tasks:
C2 CompilerThread0  570531 9993       4       nonapi.io.github.classgraph.utils.URLPathEncoder::encodePath (243 bytes)
C2 CompilerThread1  570531 9970       4       nonapi.io.github.classgraph.utils.FastPathResolver::resolve (903 bytes)
C2 CompilerThread2  570531 9924       4       sun.security.ec.ECOperations::setSum (685 bytes)
Total: 3

VM state: at safepoint (normal execution)

VM Mutex/Monitor currently owned by a thread:  ([mutex/lock_event])
[0x00007ffcdeede380] Threads_lock - owner thread: 0x0000024bf5a990a0
[0x00007ffcdeede480] Heap_lock - owner thread: 0x0000024bff35b390

Heap address: 0x0000000083a00000, size: 1990 MB, Compressed Oops mode: 32-bit

CDS archive(s) mapped at: [0x0000024b80000000-0x0000024b80c80000-0x0000024b80c80000), size 13107200, SharedBaseAddress: 0x0000024b80000000, ArchiveRelocationMode: 1.
Compressed class space mapped at: 0x0000024b81000000-0x0000024bc1000000, reserved size: 1073741824
Narrow klass base: 0x0000024b80000000, Narrow klass shift: 0, Narrow klass range: 0x100000000

GC Precious Log:
 CardTable entry size: 512
 Card Set container configuration: InlinePtr #cards 5 size 8 Array Of Cards #cards 12 size 40 Howl #buckets 4 coarsen threshold 1843 Howl Bitmap #cards 512 size 80 coarsen threshold 460 Card regions per heap region 1 cards per card region 2048
 CPUs: 8 total, 8 available
 Memory: 7959M
 Large Page Support: Disabled
 NUMA Support: Disabled
 Compressed Oops: Enabled (32-bit)
 Heap Region Size: 1M
 Heap Min Capacity: 8M
 Heap Initial Capacity: 126M
 Heap Max Capacity: 1990M
 Pre-touch: Disabled
 Parallel Workers: 8
 Concurrent Workers: 2
 Concurrent Refinement Workers: 8
 Periodic GC: Disabled

Heap:
 garbage-first heap   total 150528K, used 61773K [0x0000000083a00000, 0x0000000100000000)
  region size 1024K, 2 young (2048K), 2 survivors (2048K)
 Metaspace       used 82499K, committed 83392K, reserved 1179648K
  class space    used 10568K, committed 10944K, reserved 1048576K

Heap Regions: E=young(eden), S=young(survivor), O=old, HS=humongous(starts), HC=humongous(continues), CS=collection set, F=free, TAMS=top-at-mark-start, PB=parsable bottom
|   0|0x0000000083a00000, 0x0000000083b00000, 0x0000000083b00000|100%|HS|  |TAMS 0x0000000083b00000| PB 0x0000000083a00000| Complete 
|   1|0x0000000083b00000, 0x0000000083c00000, 0x0000000083c00000|100%|HS|  |TAMS 0x0000000083c00000| PB 0x0000000083b00000| Complete 
|   2|0x0000000083c00000, 0x0000000083d00000, 0x0000000083d00000|100%| O|  |TAMS 0x0000000083d00000| PB 0x0000000083c00000| Untracked 
|   3|0x0000000083d00000, 0x0000000083e00000, 0x0000000083e00000|100%| O|  |TAMS 0x0000000083e00000| PB 0x0000000083d00000| Untracked 
|   4|0x0000000083e00000, 0x0000000083efff08, 0x0000000083f00000| 99%| O|  |TAMS 0x0000000083efff08| PB 0x0000000083e00000| Untracked 
|   5|0x0000000083f00000, 0x0000000084000000, 0x0000000084000000|100%| O|  |TAMS 0x0000000084000000| PB 0x0000000083f00000| Untracked 
|   6|0x0000000084000000, 0x0000000084100000, 0x0000000084100000|100%| O|  |TAMS 0x0000000084100000| PB 0x0000000084000000| Untracked 
|   7|0x0000000084100000, 0x00000000841ffff0, 0x0000000084200000| 99%| O|  |TAMS 0x00000000841ffff0| PB 0x0000000084100000| Untracked 
|   8|0x0000000084200000, 0x00000000842fffe8, 0x0000000084300000| 99%| O|  |TAMS 0x00000000842fffe8| PB 0x0000000084200000| Untracked 
|   9|0x0000000084300000, 0x00000000843fffd8, 0x0000000084400000| 99%| O|  |TAMS 0x00000000843fffd8| PB 0x0000000084300000| Untracked 
|  10|0x0000000084400000, 0x00000000844ffff8, 0x0000000084500000| 99%| O|  |TAMS 0x00000000844ffff8| PB 0x0000000084400000| Untracked 
|  11|0x0000000084500000, 0x00000000845ffff0, 0x0000000084600000| 99%| O|  |TAMS 0x00000000845ffff0| PB 0x0000000084500000| Untracked 
|  12|0x0000000084600000, 0x00000000846fffd8, 0x0000000084700000| 99%| O|  |TAMS 0x00000000846fffd8| PB 0x0000000084600000| Untracked 
|  13|0x0000000084700000, 0x00000000847ffff0, 0x0000000084800000| 99%| O|  |TAMS 0x00000000847ffff0| PB 0x0000000084700000| Untracked 
|  14|0x0000000084800000, 0x00000000848ff010, 0x0000000084900000| 99%| O|  |TAMS 0x00000000848ff010| PB 0x0000000084800000| Untracked 
|  15|0x0000000084900000, 0x00000000849ffff8, 0x0000000084a00000| 99%| O|  |TAMS 0x00000000849ffff8| PB 0x0000000084900000| Untracked 
|  16|0x0000000084a00000, 0x0000000084affff0, 0x0000000084b00000| 99%| O|  |TAMS 0x0000000084affff0| PB 0x0000000084a00000| Untracked 
|  17|0x0000000084b00000, 0x0000000084c00000, 0x0000000084c00000|100%| O|  |TAMS 0x0000000084c00000| PB 0x0000000084b00000| Untracked 
|  18|0x0000000084c00000, 0x0000000084cfffc8, 0x0000000084d00000| 99%| O|  |TAMS 0x0000000084cfffc8| PB 0x0000000084c00000| Untracked 
|  19|0x0000000084d00000, 0x0000000084dfffe8, 0x0000000084e00000| 99%| O|  |TAMS 0x0000000084dfffe8| PB 0x0000000084d00000| Untracked 
|  20|0x0000000084e00000, 0x0000000084efffd0, 0x0000000084f00000| 99%| O|  |TAMS 0x0000000084efffd0| PB 0x0000000084e00000| Untracked 
|  21|0x0000000084f00000, 0x0000000084ffffd8, 0x0000000085000000| 99%| O|  |TAMS 0x0000000084ffffd8| PB 0x0000000084f00000| Untracked 
|  22|0x0000000085000000, 0x0000000085100000, 0x0000000085100000|100%| O|  |TAMS 0x0000000085100000| PB 0x0000000085000000| Untracked 
|  23|0x0000000085100000, 0x0000000085200000, 0x0000000085200000|100%| O|  |TAMS 0x0000000085200000| PB 0x0000000085100000| Untracked 
|  24|0x0000000085200000, 0x00000000852fffa0, 0x0000000085300000| 99%| O|  |TAMS 0x00000000852fffa0| PB 0x0000000085200000| Untracked 
|  25|0x0000000085300000, 0x0000000085400000, 0x0000000085400000|100%| O|  |TAMS 0x0000000085400000| PB 0x0000000085300000| Untracked 
|  26|0x0000000085400000, 0x00000000854fffe0, 0x0000000085500000| 99%| O|  |TAMS 0x00000000854fffe0| PB 0x0000000085400000| Untracked 
|  27|0x0000000085500000, 0x0000000085582c08, 0x0000000085600000| 51%| O|  |TAMS 0x0000000085582c08| PB 0x0000000085500000| Untracked 
|  28|0x0000000085600000, 0x0000000085672f30, 0x0000000085700000| 44%| O|  |TAMS 0x0000000085672f30| PB 0x0000000085600000| Untracked 
|  29|0x0000000085700000, 0x00000000857841f8, 0x0000000085800000| 51%| O|  |TAMS 0x00000000857841f8| PB 0x0000000085700000| Untracked 
|  30|0x0000000085800000, 0x000000008583f818, 0x0000000085900000| 24%| O|  |TAMS 0x000000008583f818| PB 0x0000000085800000| Untracked 
|  31|0x0000000085900000, 0x00000000859aa840, 0x0000000085a00000| 66%| O|  |TAMS 0x00000000859aa840| PB 0x0000000085900000| Untracked 
|  32|0x0000000085a00000, 0x0000000085aff768, 0x0000000085b00000| 99%| O|  |TAMS 0x0000000085aff768| PB 0x0000000085a00000| Untracked 
|  33|0x0000000085b00000, 0x0000000085c00000, 0x0000000085c00000|100%| O|  |TAMS 0x0000000085b00000| PB 0x0000000085b00000| Untracked 
|  34|0x0000000085c00000, 0x0000000085d00000, 0x0000000085d00000|100%| O|  |TAMS 0x0000000085c00000| PB 0x0000000085c00000| Untracked 
|  35|0x0000000085d00000, 0x0000000085e00000, 0x0000000085e00000|100%| O|  |TAMS 0x0000000085e00000| PB 0x0000000085d00000| Untracked 
|  36|0x0000000085e00000, 0x0000000085f00000, 0x0000000085f00000|100%| O|  |TAMS 0x0000000085f00000| PB 0x0000000085e00000| Untracked 
|  37|0x0000000085f00000, 0x0000000086000000, 0x0000000086000000|100%| O|  |TAMS 0x0000000086000000| PB 0x0000000085f00000| Untracked 
|  38|0x0000000086000000, 0x0000000086100000, 0x0000000086100000|100%| O|  |TAMS 0x0000000086000000| PB 0x0000000086000000| Untracked 
|  39|0x0000000086100000, 0x0000000086200000, 0x0000000086200000|100%| O|  |TAMS 0x0000000086200000| PB 0x0000000086100000| Untracked 
|  40|0x0000000086200000, 0x0000000086300000, 0x0000000086300000|100%| O|  |TAMS 0x0000000086300000| PB 0x0000000086200000| Untracked 
|  41|0x0000000086300000, 0x0000000086400000, 0x0000000086400000|100%| O|  |TAMS 0x0000000086400000| PB 0x0000000086300000| Untracked 
|  42|0x0000000086400000, 0x0000000086500000, 0x0000000086500000|100%| O|  |TAMS 0x0000000086500000| PB 0x0000000086400000| Untracked 
|  43|0x0000000086500000, 0x0000000086600000, 0x0000000086600000|100%| O|  |TAMS 0x0000000086600000| PB 0x0000000086500000| Untracked 
|  44|0x0000000086600000, 0x0000000086700000, 0x0000000086700000|100%| O|  |TAMS 0x0000000086700000| PB 0x0000000086600000| Untracked 
|  45|0x0000000086700000, 0x0000000086800000, 0x0000000086800000|100%| O|  |TAMS 0x0000000086800000| PB 0x0000000086700000| Untracked 
|  46|0x0000000086800000, 0x0000000086900000, 0x0000000086900000|100%| O|  |TAMS 0x0000000086900000| PB 0x0000000086800000| Untracked 
|  47|0x0000000086900000, 0x0000000086a00000, 0x0000000086a00000|100%| O|  |TAMS 0x0000000086a00000| PB 0x0000000086900000| Untracked 
|  48|0x0000000086a00000, 0x0000000086b00000, 0x0000000086b00000|100%| O|  |TAMS 0x0000000086a00000| PB 0x0000000086a00000| Untracked 
|  49|0x0000000086b00000, 0x0000000086c00000, 0x0000000086c00000|100%| O|  |TAMS 0x0000000086b00000| PB 0x0000000086b00000| Untracked 
|  50|0x0000000086c00000, 0x0000000086d00000, 0x0000000086d00000|100%| O|  |TAMS 0x0000000086c00000| PB 0x0000000086c00000| Untracked 
|  51|0x0000000086d00000, 0x0000000086e00000, 0x0000000086e00000|100%| O|  |TAMS 0x0000000086d00000| PB 0x0000000086d00000| Untracked 
|  52|0x0000000086e00000, 0x0000000086ec4728, 0x0000000086f00000| 76%| O|  |TAMS 0x0000000086e00000| PB 0x0000000086e00000| Untracked 
|  53|0x0000000086f00000, 0x0000000086f00000, 0x0000000087000000|  0%| F|  |TAMS 0x0000000086f00000| PB 0x0000000086f00000| Untracked 
|  54|0x0000000087000000, 0x0000000087100000, 0x0000000087100000|100%| O|  |TAMS 0x0000000087100000| PB 0x0000000087000000| Untracked 
|  55|0x0000000087100000, 0x0000000087200000, 0x0000000087200000|100%| O|  |TAMS 0x0000000087200000| PB 0x0000000087100000| Untracked 
|  56|0x0000000087200000, 0x0000000087300000, 0x0000000087300000|100%| O|  |TAMS 0x0000000087300000| PB 0x0000000087200000| Untracked 
|  57|0x0000000087300000, 0x0000000087400000, 0x0000000087400000|100%| O|  |TAMS 0x0000000087400000| PB 0x0000000087300000| Untracked 
|  58|0x0000000087400000, 0x0000000087500000, 0x0000000087500000|100%| O|  |TAMS 0x0000000087500000| PB 0x0000000087400000| Untracked 
|  59|0x0000000087500000, 0x0000000087500000, 0x0000000087600000|  0%| F|  |TAMS 0x0000000087500000| PB 0x0000000087500000| Untracked 
|  60|0x0000000087600000, 0x0000000087600000, 0x0000000087700000|  0%| F|  |TAMS 0x0000000087600000| PB 0x0000000087600000| Untracked 
|  61|0x0000000087700000, 0x0000000087800000, 0x0000000087800000|100%| O|  |TAMS 0x0000000087800000| PB 0x0000000087700000| Untracked 
|  62|0x0000000087800000, 0x0000000087900000, 0x0000000087900000|100%| O|  |TAMS 0x0000000087900000| PB 0x0000000087800000| Untracked 
|  63|0x0000000087900000, 0x0000000087a00000, 0x0000000087a00000|100%| O|  |TAMS 0x00000000879f8740| PB 0x0000000087900000| Untracked 
|  64|0x0000000087a00000, 0x0000000087a00000, 0x0000000087b00000|  0%| F|  |TAMS 0x0000000087a00000| PB 0x0000000087a00000| Untracked 
|  65|0x0000000087b00000, 0x0000000087b00000, 0x0000000087c00000|  0%| F|  |TAMS 0x0000000087b00000| PB 0x0000000087b00000| Untracked 
|  66|0x0000000087c00000, 0x0000000087c00000, 0x0000000087d00000|  0%| F|  |TAMS 0x0000000087c00000| PB 0x0000000087c00000| Untracked 
|  67|0x0000000087d00000, 0x0000000087d00000, 0x0000000087e00000|  0%| F|  |TAMS 0x0000000087d00000| PB 0x0000000087d00000| Untracked 
|  68|0x0000000087e00000, 0x0000000087e00000, 0x0000000087f00000|  0%| F|  |TAMS 0x0000000087e00000| PB 0x0000000087e00000| Untracked 
|  69|0x0000000087f00000, 0x0000000087f00000, 0x0000000088000000|  0%| F|  |TAMS 0x0000000087f00000| PB 0x0000000087f00000| Untracked 
|  70|0x0000000088000000, 0x0000000088000000, 0x0000000088100000|  0%| F|  |TAMS 0x0000000088000000| PB 0x0000000088000000| Untracked 
|  71|0x0000000088100000, 0x0000000088100000, 0x0000000088200000|  0%| F|  |TAMS 0x0000000088100000| PB 0x0000000088100000| Untracked 
|  72|0x0000000088200000, 0x0000000088200000, 0x0000000088300000|  0%| F|  |TAMS 0x0000000088200000| PB 0x0000000088200000| Untracked 
|  73|0x0000000088300000, 0x0000000088300000, 0x0000000088400000|  0%| F|  |TAMS 0x0000000088300000| PB 0x0000000088300000| Untracked 
|  74|0x0000000088400000, 0x0000000088400000, 0x0000000088500000|  0%| F|  |TAMS 0x0000000088400000| PB 0x0000000088400000| Untracked 
|  75|0x0000000088500000, 0x0000000088500000, 0x0000000088600000|  0%| F|  |TAMS 0x0000000088500000| PB 0x0000000088500000| Untracked 
|  76|0x0000000088600000, 0x0000000088600000, 0x0000000088700000|  0%| F|  |TAMS 0x0000000088600000| PB 0x0000000088600000| Untracked 
|  77|0x0000000088700000, 0x0000000088700000, 0x0000000088800000|  0%| F|  |TAMS 0x0000000088700000| PB 0x0000000088700000| Untracked 
|  78|0x0000000088800000, 0x0000000088800000, 0x0000000088900000|  0%| F|  |TAMS 0x0000000088800000| PB 0x0000000088800000| Untracked 
|  79|0x0000000088900000, 0x0000000088900000, 0x0000000088a00000|  0%| F|  |TAMS 0x0000000088900000| PB 0x0000000088900000| Untracked 
|  80|0x0000000088a00000, 0x0000000088a00000, 0x0000000088b00000|  0%| F|  |TAMS 0x0000000088a00000| PB 0x0000000088a00000| Untracked 
|  81|0x0000000088b00000, 0x0000000088b00000, 0x0000000088c00000|  0%| F|  |TAMS 0x0000000088b00000| PB 0x0000000088b00000| Untracked 
|  82|0x0000000088c00000, 0x0000000088c00000, 0x0000000088d00000|  0%| F|  |TAMS 0x0000000088c00000| PB 0x0000000088c00000| Untracked 
|  83|0x0000000088d00000, 0x0000000088d00000, 0x0000000088e00000|  0%| F|  |TAMS 0x0000000088d00000| PB 0x0000000088d00000| Untracked 
|  84|0x0000000088e00000, 0x0000000088e00000, 0x0000000088f00000|  0%| F|  |TAMS 0x0000000088e00000| PB 0x0000000088e00000| Untracked 
|  85|0x0000000088f00000, 0x0000000088f00000, 0x0000000089000000|  0%| F|  |TAMS 0x0000000088f00000| PB 0x0000000088f00000| Untracked 
|  86|0x0000000089000000, 0x0000000089000000, 0x0000000089100000|  0%| F|  |TAMS 0x0000000089000000| PB 0x0000000089000000| Untracked 
|  87|0x0000000089100000, 0x0000000089100000, 0x0000000089200000|  0%| F|  |TAMS 0x0000000089100000| PB 0x0000000089100000| Untracked 
|  88|0x0000000089200000, 0x0000000089200000, 0x0000000089300000|  0%| F|  |TAMS 0x0000000089200000| PB 0x0000000089200000| Untracked 
|  89|0x0000000089300000, 0x0000000089300000, 0x0000000089400000|  0%| F|  |TAMS 0x0000000089300000| PB 0x0000000089300000| Untracked 
|  90|0x0000000089400000, 0x0000000089400000, 0x0000000089500000|  0%| F|  |TAMS 0x0000000089400000| PB 0x0000000089400000| Untracked 
|  91|0x0000000089500000, 0x0000000089500000, 0x0000000089600000|  0%| F|  |TAMS 0x0000000089500000| PB 0x0000000089500000| Untracked 
|  92|0x0000000089600000, 0x0000000089600000, 0x0000000089700000|  0%| F|  |TAMS 0x0000000089600000| PB 0x0000000089600000| Untracked 
|  93|0x0000000089700000, 0x0000000089700000, 0x0000000089800000|  0%| F|  |TAMS 0x0000000089700000| PB 0x0000000089700000| Untracked 
|  94|0x0000000089800000, 0x0000000089800000, 0x0000000089900000|  0%| F|  |TAMS 0x0000000089800000| PB 0x0000000089800000| Untracked 
|  95|0x0000000089900000, 0x0000000089900000, 0x0000000089a00000|  0%| F|  |TAMS 0x0000000089900000| PB 0x0000000089900000| Untracked 
|  96|0x0000000089a00000, 0x0000000089a00000, 0x0000000089b00000|  0%| F|  |TAMS 0x0000000089a00000| PB 0x0000000089a00000| Untracked 
|  97|0x0000000089b00000, 0x0000000089b00000, 0x0000000089c00000|  0%| F|  |TAMS 0x0000000089b00000| PB 0x0000000089b00000| Untracked 
|  98|0x0000000089c00000, 0x0000000089c00000, 0x0000000089d00000|  0%| F|  |TAMS 0x0000000089c00000| PB 0x0000000089c00000| Untracked 
|  99|0x0000000089d00000, 0x0000000089d00000, 0x0000000089e00000|  0%| F|  |TAMS 0x0000000089d00000| PB 0x0000000089d00000| Untracked 
| 100|0x0000000089e00000, 0x0000000089e00000, 0x0000000089f00000|  0%| F|  |TAMS 0x0000000089e00000| PB 0x0000000089e00000| Untracked 
| 101|0x0000000089f00000, 0x0000000089f00000, 0x000000008a000000|  0%| F|  |TAMS 0x0000000089f00000| PB 0x0000000089f00000| Untracked 
| 102|0x000000008a000000, 0x000000008a000000, 0x000000008a100000|  0%| F|  |TAMS 0x000000008a000000| PB 0x000000008a000000| Untracked 
| 103|0x000000008a100000, 0x000000008a100000, 0x000000008a200000|  0%| F|  |TAMS 0x000000008a100000| PB 0x000000008a100000| Untracked 
| 104|0x000000008a200000, 0x000000008a200000, 0x000000008a300000|  0%| F|  |TAMS 0x000000008a200000| PB 0x000000008a200000| Untracked 
| 105|0x000000008a300000, 0x000000008a300000, 0x000000008a400000|  0%| F|  |TAMS 0x000000008a300000| PB 0x000000008a300000| Untracked 
| 106|0x000000008a400000, 0x000000008a400000, 0x000000008a500000|  0%| F|  |TAMS 0x000000008a400000| PB 0x000000008a400000| Untracked 
| 107|0x000000008a500000, 0x000000008a500000, 0x000000008a600000|  0%| F|  |TAMS 0x000000008a500000| PB 0x000000008a500000| Untracked 
| 108|0x000000008a600000, 0x000000008a600000, 0x000000008a700000|  0%| F|  |TAMS 0x000000008a600000| PB 0x000000008a600000| Untracked 
| 109|0x000000008a700000, 0x000000008a72cc68, 0x000000008a800000| 17%| S|CS|TAMS 0x000000008a700000| PB 0x000000008a700000| Complete 
| 110|0x000000008a800000, 0x000000008a900000, 0x000000008a900000|100%| S|CS|TAMS 0x000000008a800000| PB 0x000000008a800000| Complete 
| 111|0x000000008a900000, 0x000000008a900000, 0x000000008aa00000|  0%| F|  |TAMS 0x000000008a900000| PB 0x000000008a900000| Untracked 
| 112|0x000000008aa00000, 0x000000008aa00000, 0x000000008ab00000|  0%| F|  |TAMS 0x000000008aa00000| PB 0x000000008aa00000| Untracked 
| 113|0x000000008ab00000, 0x000000008ab00000, 0x000000008ac00000|  0%| F|  |TAMS 0x000000008ab00000| PB 0x000000008ab00000| Untracked 
| 114|0x000000008ac00000, 0x000000008ac00000, 0x000000008ad00000|  0%| F|  |TAMS 0x000000008ac00000| PB 0x000000008ac00000| Untracked 
| 115|0x000000008ad00000, 0x000000008ad00000, 0x000000008ae00000|  0%| F|  |TAMS 0x000000008ad00000| PB 0x000000008ad00000| Untracked 
| 116|0x000000008ae00000, 0x000000008ae00000, 0x000000008af00000|  0%| F|  |TAMS 0x000000008ae00000| PB 0x000000008ae00000| Untracked 
| 117|0x000000008af00000, 0x000000008af00000, 0x000000008b000000|  0%| F|  |TAMS 0x000000008af00000| PB 0x000000008af00000| Untracked 
| 118|0x000000008b000000, 0x000000008b000000, 0x000000008b100000|  0%| F|  |TAMS 0x000000008b000000| PB 0x000000008b000000| Untracked 
| 119|0x000000008b100000, 0x000000008b100000, 0x000000008b200000|  0%| F|  |TAMS 0x000000008b100000| PB 0x000000008b100000| Untracked 
| 120|0x000000008b200000, 0x000000008b200000, 0x000000008b300000|  0%| F|  |TAMS 0x000000008b200000| PB 0x000000008b200000| Untracked 
| 121|0x000000008b300000, 0x000000008b300000, 0x000000008b400000|  0%| F|  |TAMS 0x000000008b300000| PB 0x000000008b300000| Untracked 
| 122|0x000000008b400000, 0x000000008b400000, 0x000000008b500000|  0%| F|  |TAMS 0x000000008b400000| PB 0x000000008b400000| Untracked 
| 123|0x000000008b500000, 0x000000008b500000, 0x000000008b600000|  0%| F|  |TAMS 0x000000008b500000| PB 0x000000008b500000| Untracked 
| 124|0x000000008b600000, 0x000000008b600000, 0x000000008b700000|  0%| F|  |TAMS 0x000000008b600000| PB 0x000000008b600000| Untracked 
| 125|0x000000008b700000, 0x000000008b700000, 0x000000008b800000|  0%| F|  |TAMS 0x000000008b700000| PB 0x000000008b700000| Untracked 
| 126|0x000000008b800000, 0x000000008b800000, 0x000000008b900000|  0%| F|  |TAMS 0x000000008b800000| PB 0x000000008b800000| Untracked 
| 127|0x000000008b900000, 0x000000008b900000, 0x000000008ba00000|  0%| F|  |TAMS 0x000000008b900000| PB 0x000000008b900000| Untracked 
| 128|0x000000008ba00000, 0x000000008ba00000, 0x000000008bb00000|  0%| F|  |TAMS 0x000000008ba00000| PB 0x000000008ba00000| Untracked 
| 129|0x000000008bb00000, 0x000000008bb00000, 0x000000008bc00000|  0%| F|  |TAMS 0x000000008bb00000| PB 0x000000008bb00000| Untracked 
| 130|0x000000008bc00000, 0x000000008bc00000, 0x000000008bd00000|  0%| F|  |TAMS 0x000000008bc00000| PB 0x000000008bc00000| Untracked 
| 131|0x000000008bd00000, 0x000000008bd00000, 0x000000008be00000|  0%| F|  |TAMS 0x000000008bd00000| PB 0x000000008bd00000| Untracked 
| 132|0x000000008be00000, 0x000000008be00000, 0x000000008bf00000|  0%| F|  |TAMS 0x000000008be00000| PB 0x000000008be00000| Untracked 
| 133|0x000000008bf00000, 0x000000008bf00000, 0x000000008c000000|  0%| F|  |TAMS 0x000000008bf00000| PB 0x000000008bf00000| Untracked 
| 134|0x000000008c000000, 0x000000008c000000, 0x000000008c100000|  0%| F|  |TAMS 0x000000008c000000| PB 0x000000008c000000| Untracked 
| 135|0x000000008c100000, 0x000000008c100000, 0x000000008c200000|  0%| F|  |TAMS 0x000000008c100000| PB 0x000000008c100000| Untracked 
| 136|0x000000008c200000, 0x000000008c200000, 0x000000008c300000|  0%| F|  |TAMS 0x000000008c200000| PB 0x000000008c200000| Untracked 
| 137|0x000000008c300000, 0x000000008c300000, 0x000000008c400000|  0%| F|  |TAMS 0x000000008c300000| PB 0x000000008c300000| Untracked 
| 138|0x000000008c400000, 0x000000008c400000, 0x000000008c500000|  0%| F|  |TAMS 0x000000008c400000| PB 0x000000008c400000| Untracked 
| 139|0x000000008c500000, 0x000000008c500000, 0x000000008c600000|  0%| F|  |TAMS 0x000000008c500000| PB 0x000000008c500000| Untracked 
| 140|0x000000008c600000, 0x000000008c600000, 0x000000008c700000|  0%| F|  |TAMS 0x000000008c600000| PB 0x000000008c600000| Untracked 
| 141|0x000000008c700000, 0x000000008c700000, 0x000000008c800000|  0%| F|  |TAMS 0x000000008c700000| PB 0x000000008c700000| Untracked 
| 142|0x000000008c800000, 0x000000008c800000, 0x000000008c900000|  0%| F|  |TAMS 0x000000008c800000| PB 0x000000008c800000| Untracked 
| 143|0x000000008c900000, 0x000000008c900000, 0x000000008ca00000|  0%| F|  |TAMS 0x000000008c900000| PB 0x000000008c900000| Untracked 
| 144|0x000000008ca00000, 0x000000008ca00000, 0x000000008cb00000|  0%| F|  |TAMS 0x000000008ca00000| PB 0x000000008ca00000| Untracked 
| 145|0x000000008cb00000, 0x000000008cb00000, 0x000000008cc00000|  0%| F|  |TAMS 0x000000008cb00000| PB 0x000000008cb00000| Untracked 
| 146|0x000000008cc00000, 0x000000008cd00000, 0x000000008cd00000|100%| O|  |TAMS 0x000000008cd00000| PB 0x000000008cc00000| Untracked 

Card table byte_map: [0x0000024bf0d50000,0x0000024bf1140000] _byte_map_base: 0x0000024bf0933000

Marking Bits: (CMBitMap*) 0x0000024bddcf1310
 Bits: [0x0000024bf1140000, 0x0000024bf3058000)

Polling page: 0x0000024bdd460000

Metaspace:

Usage:
  Non-class:     70.25 MB used.
      Class:     10.32 MB used.
       Both:     80.57 MB used.

Virtual space:
  Non-class space:      128.00 MB reserved,      70.75 MB ( 55%) committed,  2 nodes.
      Class space:        1.00 GB reserved,      10.69 MB (  1%) committed,  1 nodes.
             Both:        1.12 GB reserved,      81.44 MB (  7%) committed. 

Chunk freelists:
   Non-Class:  9.12 MB
       Class:  5.19 MB
        Both:  14.31 MB

MaxMetaspaceSize: unlimited
CompressedClassSpaceSize: 1.00 GB
Initial GC threshold: 21.00 MB
Current GC threshold: 135.56 MB
CDS: on
 - commit_granule_bytes: 65536.
 - commit_granule_words: 8192.
 - virtual_space_node_default_size: 8388608.
 - enlarge_chunks_in_place: 1.
 - use_allocation_guard: 0.


Internal statistics:

num_allocs_failed_limit: 9.
num_arena_births: 1248.
num_arena_deaths: 0.
num_vsnodes_births: 3.
num_vsnodes_deaths: 0.
num_space_committed: 1303.
num_space_uncommitted: 0.
num_chunks_returned_to_freelist: 9.
num_chunks_taken_from_freelist: 4218.
num_chunk_merges: 9.
num_chunk_splits: 2963.
num_chunks_enlarged: 2243.
num_inconsistent_stats: 0.

CodeHeap 'non-profiled nmethods': size=120000Kb used=5409Kb max_used=5659Kb free=114590Kb
 bounds [0x0000024be9100000, 0x0000024be9690000, 0x0000024bf0630000]
CodeHeap 'profiled nmethods': size=120000Kb used=15213Kb max_used=15990Kb free=104786Kb
 bounds [0x0000024be1630000, 0x0000024be25e0000, 0x0000024be8b60000]
CodeHeap 'non-nmethods': size=5760Kb used=1985Kb max_used=2084Kb free=3774Kb
 bounds [0x0000024be8b60000, 0x0000024be8dd0000, 0x0000024be9100000]
 total_blobs=7609 nmethods=6836 adapters=676
 compilation: enabled
              stopped_count=0, restarted_count=0
 full_count=0

Compilation events (20 events):
Event: 570.450 Thread 0x0000024bf5ad6d50 9991       3       com.mysql.cj.telemetry.TelemetrySpan::setAttribute (1 bytes)
Event: 570.450 Thread 0x0000024bf5ad6d50 nmethod 9991 0x0000024be17f3b90 code [0x0000024be17f3d20, 0x0000024be17f3e28]
Event: 570.451 Thread 0x0000024bf5ad6d50 9992       3       io.github.classgraph.ClasspathElement::addAcceptedResource (349 bytes)
Event: 570.453 Thread 0x0000024bf5ad6d50 nmethod 9992 0x0000024be2363390 code [0x0000024be23639a0, 0x0000024be2366298]
Event: 570.467 Thread 0x0000024bf5ad6d50 9994       3       org.webjars.WebJarAssetLocator$$Lambda/0x0000024b81966710::accept (9 bytes)
Event: 570.468 Thread 0x0000024bf5ad6d50 nmethod 9994 0x0000024be1857d90 code [0x0000024be1857f40, 0x0000024be1858078]
Event: 570.468 Thread 0x0000024bf5ad6d50 9995       3       org.webjars.WebJarAssetLocator::lambda$webJarResources$0 (26 bytes)
Event: 570.469 Thread 0x0000024bf5ad6d50 nmethod 9995 0x0000024be198b490 code [0x0000024be198b720, 0x0000024be198c3b0]
Event: 570.469 Thread 0x0000024bf5ad6d50 9996       3       org.webjars.WebJarAssetLocator$$Lambda/0x0000024b81966928::accept (13 bytes)
Event: 570.469 Thread 0x0000024bf5ad6d50 nmethod 9996 0x0000024be1874310 code [0x0000024be18744c0, 0x0000024be1874608]
Event: 570.470 Thread 0x0000024bf5ad6d50 9998       3       java.util.concurrent.atomic.AtomicInteger::compareAndSet (13 bytes)
Event: 570.470 Thread 0x0000024bf5ad6d50 nmethod 9998 0x0000024be18a1590 code [0x0000024be18a1720, 0x0000024be18a1848]
Event: 570.473 Thread 0x0000024bf5ad6d50 9999   !   3       java.util.concurrent.ThreadPoolExecutor::tryTerminate (177 bytes)
Event: 570.477 Thread 0x0000024bf5ad6d50 nmethod 9999 0x0000024be1b45a90 code [0x0000024be1b46060, 0x0000024be1b48dc8]
Event: 570.477 Thread 0x0000024bf5ad6d50 10000       3       java.util.HashSet::toArray (18 bytes)
Event: 570.477 Thread 0x0000024bf5ad6d50 nmethod 10000 0x0000024be17af410 code [0x0000024be17af5c0, 0x0000024be17af8c8]
Event: 570.481 Thread 0x0000024bf5ad38a0 nmethod 9979 0x0000024be92fef90 code [0x0000024be92ff320, 0x0000024be93009c8]
Event: 570.481 Thread 0x0000024bf5ad38a0 9993       4       nonapi.io.github.classgraph.utils.URLPathEncoder::encodePath (243 bytes)
Event: 570.486 Thread 0x0000024bf5ad6d50 10001       3       java.lang.Thread::getThreadGroup (30 bytes)
Event: 570.487 Thread 0x0000024bf5ad6d50 nmethod 10001 0x0000024be2336710 code [0x0000024be2336900, 0x0000024be2336f70]

GC Heap History (20 events):
Event: 109.940 GC heap after
{Heap after GC invocations=29 (full 1):
 garbage-first heap   total 112640K, used 36210K [0x0000000083a00000, 0x0000000100000000)
  region size 1024K, 5 young (5120K), 5 survivors (5120K)
 Metaspace       used 80704K, committed 81600K, reserved 1179648K
  class space    used 10495K, committed 10880K, reserved 1048576K
}
Event: 110.212 GC heap before
{Heap before GC invocations=30 (full 1):
 garbage-first heap   total 112640K, used 94578K [0x0000000083a00000, 0x0000000100000000)
  region size 1024K, 60 young (61440K), 5 survivors (5120K)
 Metaspace       used 81004K, committed 81856K, reserved 1179648K
  class space    used 10500K, committed 10880K, reserved 1048576K
}
Event: 110.221 GC heap after
{Heap after GC invocations=31 (full 1):
 garbage-first heap   total 113664K, used 47506K [0x0000000083a00000, 0x0000000100000000)
  region size 1024K, 8 young (8192K), 8 survivors (8192K)
 Metaspace       used 81004K, committed 81856K, reserved 1179648K
  class space    used 10500K, committed 10880K, reserved 1048576K
}
Event: 110.325 GC heap before
{Heap before GC invocations=31 (full 1):
 garbage-first heap   total 113664K, used 94610K [0x0000000083a00000, 0x0000000100000000)
  region size 1024K, 52 young (53248K), 8 survivors (8192K)
 Metaspace       used 81038K, committed 81856K, reserved 1179648K
  class space    used 10501K, committed 10880K, reserved 1048576K
}
Event: 110.336 GC heap after
{Heap after GC invocations=32 (full 1):
 garbage-first heap   total 117760K, used 59156K [0x0000000083a00000, 0x0000000100000000)
  region size 1024K, 7 young (7168K), 7 survivors (7168K)
 Metaspace       used 81038K, committed 81856K, reserved 1179648K
  class space    used 10501K, committed 10880K, reserved 1048576K
}
Event: 110.364 GC heap before
{Heap before GC invocations=32 (full 1):
 garbage-first heap   total 117760K, used 63252K [0x0000000083a00000, 0x0000000100000000)
  region size 1024K, 12 young (12288K), 7 survivors (7168K)
 Metaspace       used 81054K, committed 81856K, reserved 1179648K
  class space    used 10501K, committed 10880K, reserved 1048576K
}
Event: 110.369 GC heap after
{Heap after GC invocations=33 (full 1):
 garbage-first heap   total 174080K, used 61549K [0x0000000083a00000, 0x0000000100000000)
  region size 1024K, 2 young (2048K), 2 survivors (2048K)
 Metaspace       used 81054K, committed 81856K, reserved 1179648K
  class space    used 10501K, committed 10880K, reserved 1048576K
}
Event: 110.373 GC heap before
{Heap before GC invocations=33 (full 1):
 garbage-first heap   total 174080K, used 63597K [0x0000000083a00000, 0x0000000100000000)
  region size 1024K, 4 young (4096K), 2 survivors (2048K)
 Metaspace       used 81054K, committed 81856K, reserved 1179648K
  class space    used 10501K, committed 10880K, reserved 1048576K
}
Event: 110.374 GC heap after
{Heap after GC invocations=34 (full 1):
 garbage-first heap   total 174080K, used 62150K [0x0000000083a00000, 0x0000000100000000)
  region size 1024K, 1 young (1024K), 1 survivors (1024K)
 Metaspace       used 81054K, committed 81856K, reserved 1179648K
  class space    used 10501K, committed 10880K, reserved 1048576K
}
Event: 110.555 GC heap before
{Heap before GC invocations=35 (full 1):
 garbage-first heap   total 174080K, used 129474K [0x0000000083a00000, 0x0000000100000000)
  region size 1024K, 74 young (75776K), 1 survivors (1024K)
 Metaspace       used 81094K, committed 81920K, reserved 1179648K
  class space    used 10501K, committed 10880K, reserved 1048576K
}
Event: 110.559 GC heap after
{Heap after GC invocations=36 (full 1):
 garbage-first heap   total 174080K, used 58741K [0x0000000083a00000, 0x0000000100000000)
  region size 1024K, 8 young (8192K), 8 survivors (8192K)
 Metaspace       used 81094K, committed 81920K, reserved 1179648K
  class space    used 10501K, committed 10880K, reserved 1048576K
}
Event: 569.276 GC heap before
{Heap before GC invocations=36 (full 1):
 garbage-first heap   total 174080K, used 96629K [0x0000000083a00000, 0x0000000100000000)
  region size 1024K, 46 young (47104K), 8 survivors (8192K)
 Metaspace       used 81816K, committed 82688K, reserved 1179648K
  class space    used 10541K, committed 10944K, reserved 1048576K
}
Event: 569.338 GC heap after
{Heap after GC invocations=37 (full 2):
 garbage-first heap   total 119808K, used 32161K [0x0000000083a00000, 0x0000000100000000)
  region size 1024K, 0 young (0K), 0 survivors (0K)
 Metaspace       used 81816K, committed 82688K, reserved 1179648K
  class space    used 10541K, committed 10944K, reserved 1048576K
}
Event: 570.109 GC heap before
{Heap before GC invocations=37 (full 2):
 garbage-first heap   total 119808K, used 89505K [0x0000000083a00000, 0x0000000100000000)
  region size 1024K, 57 young (58368K), 0 survivors (0K)
 Metaspace       used 82221K, committed 83072K, reserved 1179648K
  class space    used 10559K, committed 10944K, reserved 1048576K
}
Event: 570.113 GC heap after
{Heap after GC invocations=38 (full 2):
 garbage-first heap   total 119808K, used 36699K [0x0000000083a00000, 0x0000000100000000)
  region size 1024K, 5 young (5120K), 5 survivors (5120K)
 Metaspace       used 82221K, committed 83072K, reserved 1179648K
  class space    used 10559K, committed 10944K, reserved 1048576K
}
Event: 570.351 GC heap before
{Heap before GC invocations=39 (full 2):
 garbage-first heap   total 119808K, used 94043K [0x0000000083a00000, 0x0000000100000000)
  region size 1024K, 60 young (61440K), 5 survivors (5120K)
 Metaspace       used 82474K, committed 83392K, reserved 1179648K
  class space    used 10568K, committed 10944K, reserved 1048576K
}
Event: 570.361 GC heap after
{Heap after GC invocations=40 (full 2):
 garbage-first heap   total 119808K, used 47335K [0x0000000083a00000, 0x0000000100000000)
  region size 1024K, 8 young (8192K), 8 survivors (8192K)
 Metaspace       used 82474K, committed 83392K, reserved 1179648K
  class space    used 10568K, committed 10944K, reserved 1048576K
}
Event: 570.455 GC heap before
{Heap before GC invocations=40 (full 2):
 garbage-first heap   total 119808K, used 95463K [0x0000000083a00000, 0x0000000100000000)
  region size 1024K, 53 young (54272K), 8 survivors (8192K)
 Metaspace       used 82494K, committed 83392K, reserved 1179648K
  class space    used 10568K, committed 10944K, reserved 1048576K
}
Event: 570.465 GC heap after
{Heap after GC invocations=41 (full 2):
 garbage-first heap   total 119808K, used 59754K [0x0000000083a00000, 0x0000000100000000)
  region size 1024K, 7 young (7168K), 7 survivors (7168K)
 Metaspace       used 82494K, committed 83392K, reserved 1179648K
  class space    used 10568K, committed 10944K, reserved 1048576K
}
Event: 570.493 GC heap before
{Heap before GC invocations=41 (full 2):
 garbage-first heap   total 119808K, used 63850K [0x0000000083a00000, 0x0000000100000000)
  region size 1024K, 12 young (12288K), 7 survivors (7168K)
 Metaspace       used 82499K, committed 83392K, reserved 1179648K
  class space    used 10568K, committed 10944K, reserved 1048576K
}

Dll operation events (11 events):
Event: 0.010 Loaded shared library C:\Users\DELL\.p2\pool\plugins\org.eclipse.justj.openjdk.hotspot.jre.full.win32.x86_64_21.0.6.v20250130-0529\jre\bin\java.dll
Event: 0.049 Loaded shared library C:\Users\DELL\.p2\pool\plugins\org.eclipse.justj.openjdk.hotspot.jre.full.win32.x86_64_21.0.6.v20250130-0529\jre\bin\zip.dll
Event: 0.119 Loaded shared library C:\Users\DELL\.p2\pool\plugins\org.eclipse.justj.openjdk.hotspot.jre.full.win32.x86_64_21.0.6.v20250130-0529\jre\bin\net.dll
Event: 0.122 Loaded shared library C:\Users\DELL\.p2\pool\plugins\org.eclipse.justj.openjdk.hotspot.jre.full.win32.x86_64_21.0.6.v20250130-0529\jre\bin\nio.dll
Event: 0.126 Loaded shared library C:\Users\DELL\.p2\pool\plugins\org.eclipse.justj.openjdk.hotspot.jre.full.win32.x86_64_21.0.6.v20250130-0529\jre\bin\zip.dll
Event: 0.357 Loaded shared library C:\Users\DELL\.p2\pool\plugins\org.eclipse.justj.openjdk.hotspot.jre.full.win32.x86_64_21.0.6.v20250130-0529\jre\bin\jimage.dll
Event: 0.648 Loaded shared library C:\Users\DELL\.p2\pool\plugins\org.eclipse.justj.openjdk.hotspot.jre.full.win32.x86_64_21.0.6.v20250130-0529\jre\bin\management.dll
Event: 0.653 Loaded shared library C:\Users\DELL\.p2\pool\plugins\org.eclipse.justj.openjdk.hotspot.jre.full.win32.x86_64_21.0.6.v20250130-0529\jre\bin\management_ext.dll
Event: 1.729 Loaded shared library C:\Users\DELL\.p2\pool\plugins\org.eclipse.justj.openjdk.hotspot.jre.full.win32.x86_64_21.0.6.v20250130-0529\jre\bin\sunmscapi.dll
Event: 4.837 Loaded shared library C:\Users\DELL\.p2\pool\plugins\org.eclipse.justj.openjdk.hotspot.jre.full.win32.x86_64_21.0.6.v20250130-0529\jre\bin\verify.dll
Event: 5.236 Loaded shared library C:\Users\DELL\.p2\pool\plugins\org.eclipse.justj.openjdk.hotspot.jre.full.win32.x86_64_21.0.6.v20250130-0529\jre\bin\extnet.dll

Deoptimization events (20 events):
Event: 570.231 Thread 0x0000024bfce9ca20 DEOPT PACKING pc=0x0000024be91cde10 sp=0x000000b7fb1fcc00
Event: 570.231 Thread 0x0000024bfce9ca20 DEOPT UNPACKING pc=0x0000024be8bb7da2 sp=0x000000b7fb1fcbb8 mode 2
Event: 570.249 Thread 0x0000024bfce9ca20 Uncommon trap: trap_request=0xffffffd6 fr.pc=0x0000024be91cde10 relative=0x00000000000007b0
Event: 570.249 Thread 0x0000024bfce9ca20 Uncommon trap: reason=array_check action=maybe_recompile pc=0x0000024be91cde10 method=java.util.TimSort.binarySort([Ljava/lang/Object;IIILjava/util/Comparator;)V @ 215 c2
Event: 570.249 Thread 0x0000024bfce9ca20 DEOPT PACKING pc=0x0000024be91cde10 sp=0x000000b7fb1f93a0
Event: 570.249 Thread 0x0000024bfce9ca20 DEOPT UNPACKING pc=0x0000024be8bb7da2 sp=0x000000b7fb1f9358 mode 2
Event: 570.272 Thread 0x0000024bfce9ca20 Uncommon trap: trap_request=0xffffff5c fr.pc=0x0000024be91ebf48 relative=0x0000000000000428
Event: 570.272 Thread 0x0000024bfce9ca20 Uncommon trap: reason=speculate_null_check action=make_not_entrant pc=0x0000024be91ebf48 method=java.lang.reflect.AccessibleObject.canAccess(Ljava/lang/Object;)Z @ 125 c2
Event: 570.272 Thread 0x0000024bfce9ca20 DEOPT PACKING pc=0x0000024be91ebf48 sp=0x000000b7fb1fc8d0
Event: 570.272 Thread 0x0000024bfce9ca20 DEOPT UNPACKING pc=0x0000024be8bb7da2 sp=0x000000b7fb1fc748 mode 2
Event: 570.317 Thread 0x0000024bfce9f180 DEOPT PACKING pc=0x0000024be2032ae7 sp=0x000000b7fd3fd980
Event: 570.318 Thread 0x0000024bfce9f180 DEOPT UNPACKING pc=0x0000024be8bb88e2 sp=0x000000b7fd3fcec0 mode 0
Event: 570.319 Thread 0x0000024bfce9f180 DEOPT PACKING pc=0x0000024be2436c88 sp=0x000000b7fd3fd770
Event: 570.319 Thread 0x0000024bfce9f180 DEOPT UNPACKING pc=0x0000024be8bb88e2 sp=0x000000b7fd3fcbf0 mode 0
Event: 570.446 Thread 0x0000024bfce9f180 DEOPT PACKING pc=0x0000024be2032ae7 sp=0x000000b7fd3fd7a0
Event: 570.446 Thread 0x0000024bfce9f180 DEOPT UNPACKING pc=0x0000024be8bb88e2 sp=0x000000b7fd3fccc8 mode 0
Event: 570.454 Thread 0x0000024bff35a670 DEOPT PACKING pc=0x0000024be1786cb9 sp=0x000000b7fd5fe760
Event: 570.454 Thread 0x0000024bff35a670 DEOPT UNPACKING pc=0x0000024be8bb88e2 sp=0x000000b7fd5fdc90 mode 0
Event: 570.466 Thread 0x0000024bff35a670 DEOPT PACKING pc=0x0000024be1786cb9 sp=0x000000b7fd5fe760
Event: 570.466 Thread 0x0000024bff35a670 DEOPT UNPACKING pc=0x0000024be8bb88e2 sp=0x000000b7fd5fdc90 mode 0

Classes loaded (20 events):
Event: 108.927 Loading class sun/net/ConnectionResetException
Event: 108.927 Loading class sun/net/ConnectionResetException done
Event: 108.946 Loading class java/util/WeakHashMap$KeyIterator
Event: 108.946 Loading class java/util/WeakHashMap$HashIterator
Event: 108.946 Loading class java/util/WeakHashMap$HashIterator done
Event: 108.946 Loading class java/util/WeakHashMap$KeyIterator done
Event: 109.003 Loading class java/lang/ref/Finalizer$2
Event: 109.003 Loading class java/lang/ref/Finalizer$2 done
Event: 109.003 Loading class java/lang/ref/Finalizer$1
Event: 109.003 Loading class java/lang/ref/Finalizer$1 done
Event: 109.510 Loading class java/util/WeakHashMap$EntrySet
Event: 109.510 Loading class java/util/WeakHashMap$EntrySet done
Event: 109.510 Loading class java/util/WeakHashMap$EntryIterator
Event: 109.510 Loading class java/util/WeakHashMap$EntryIterator done
Event: 253.738 Loading class java/text/FieldPosition$Delegate
Event: 253.739 Loading class java/text/FieldPosition$Delegate done
Event: 253.740 Loading class jdk/internal/math/FDBigInteger
Event: 253.741 Loading class jdk/internal/math/FDBigInteger done
Event: 253.767 Loading class java/lang/invoke/MethodHandleImpl$CountingWrapper$1
Event: 253.768 Loading class java/lang/invoke/MethodHandleImpl$CountingWrapper$1 done

Classes unloaded (0 events):
No events

Classes redefined (0 events):
No events

Internal exceptions (20 events):
Event: 570.407 Thread 0x0000024bff35c740 Exception <a 'sun/nio/fs/WindowsException'{0x000000008a8160f8}> (0x000000008a8160f8) 
thrown [s\src\hotspot\share\prims\jni.cpp, line 520]
Event: 570.407 Thread 0x0000024bff35c740 Exception <a 'sun/nio/fs/WindowsException'{0x000000008a816458}> (0x000000008a816458) 
thrown [s\src\hotspot\share\prims\jni.cpp, line 520]
Event: 570.407 Thread 0x0000024bff35c740 Exception <a 'sun/nio/fs/WindowsException'{0x000000008a816de0}> (0x000000008a816de0) 
thrown [s\src\hotspot\share\prims\jni.cpp, line 520]
Event: 570.408 Thread 0x0000024bff35c740 Exception <a 'sun/nio/fs/WindowsException'{0x000000008a817110}> (0x000000008a817110) 
thrown [s\src\hotspot\share\prims\jni.cpp, line 520]
Event: 570.408 Thread 0x0000024bff35c740 Exception <a 'sun/nio/fs/WindowsException'{0x000000008a817a68}> (0x000000008a817a68) 
thrown [s\src\hotspot\share\prims\jni.cpp, line 520]
Event: 570.408 Thread 0x0000024bff35c740 Exception <a 'sun/nio/fs/WindowsException'{0x000000008a817d68}> (0x000000008a817d68) 
thrown [s\src\hotspot\share\prims\jni.cpp, line 520]
Event: 570.408 Thread 0x0000024bff35c740 Exception <a 'sun/nio/fs/WindowsException'{0x000000008a8186c8}> (0x000000008a8186c8) 
thrown [s\src\hotspot\share\prims\jni.cpp, line 520]
Event: 570.408 Thread 0x0000024bff35c740 Exception <a 'sun/nio/fs/WindowsException'{0x000000008a8189e0}> (0x000000008a8189e0) 
thrown [s\src\hotspot\share\prims\jni.cpp, line 520]
Event: 570.408 Thread 0x0000024bff35c740 Exception <a 'sun/nio/fs/WindowsException'{0x000000008a819340}> (0x000000008a819340) 
thrown [s\src\hotspot\share\prims\jni.cpp, line 520]
Event: 570.408 Thread 0x0000024bff35c740 Exception <a 'sun/nio/fs/WindowsException'{0x000000008a819640}> (0x000000008a819640) 
thrown [s\src\hotspot\share\prims\jni.cpp, line 520]
Event: 570.408 Thread 0x0000024bff35c740 Exception <a 'sun/nio/fs/WindowsException'{0x000000008a819fa0}> (0x000000008a819fa0) 
thrown [s\src\hotspot\share\prims\jni.cpp, line 520]
Event: 570.408 Thread 0x0000024bff35c740 Exception <a 'sun/nio/fs/WindowsException'{0x000000008a81a2b8}> (0x000000008a81a2b8) 
thrown [s\src\hotspot\share\prims\jni.cpp, line 520]
Event: 570.408 Thread 0x0000024bff35c740 Exception <a 'sun/nio/fs/WindowsException'{0x000000008a81ac40}> (0x000000008a81ac40) 
thrown [s\src\hotspot\share\prims\jni.cpp, line 520]
Event: 570.408 Thread 0x0000024bff35c740 Exception <a 'sun/nio/fs/WindowsException'{0x000000008a81af70}> (0x000000008a81af70) 
thrown [s\src\hotspot\share\prims\jni.cpp, line 520]
Event: 570.408 Thread 0x0000024bff35c740 Exception <a 'sun/nio/fs/WindowsException'{0x000000008a81b910}> (0x000000008a81b910) 
thrown [s\src\hotspot\share\prims\jni.cpp, line 520]
Event: 570.408 Thread 0x0000024bff35c740 Exception <a 'sun/nio/fs/WindowsException'{0x000000008a81bc60}> (0x000000008a81bc60) 
thrown [s\src\hotspot\share\prims\jni.cpp, line 520]
Event: 570.409 Thread 0x0000024bff35c740 Exception <a 'sun/nio/fs/WindowsException'{0x000000008a81c5e8}> (0x000000008a81c5e8) 
thrown [s\src\hotspot\share\prims\jni.cpp, line 520]
Event: 570.409 Thread 0x0000024bff35c740 Exception <a 'sun/nio/fs/WindowsException'{0x000000008a81c930}> (0x000000008a81c930) 
thrown [s\src\hotspot\share\prims\jni.cpp, line 520]
Event: 570.491 Thread 0x0000024bff35ba20 Exception <a 'sun/nio/fs/WindowsException'{0x000000008ab99968}> (0x000000008ab99968) 
thrown [s\src\hotspot\share\prims\jni.cpp, line 520]
Event: 570.492 Thread 0x0000024bff35ba20 Exception <a 'sun/nio/fs/WindowsException'{0x000000008ab99e28}> (0x000000008ab99e28) 
thrown [s\src\hotspot\share\prims\jni.cpp, line 520]

ZGC Phase Switch (0 events):
No events

VM Operations (20 events):
Event: 309.754 Executing VM operation: Cleanup done
Event: 540.618 Executing VM operation: Cleanup
Event: 540.618 Executing VM operation: Cleanup done
Event: 568.828 Executing VM operation: Cleanup
Event: 568.828 Executing VM operation: Cleanup done
Event: 569.276 Executing VM operation: G1CollectFull (System.gc())
Event: 569.338 Executing VM operation: G1CollectFull (System.gc()) done
Event: 569.886 Executing VM operation: ICBufferFull
Event: 569.886 Executing VM operation: ICBufferFull done
Event: 570.109 Executing VM operation: G1CollectForAllocation (G1 Evacuation Pause)
Event: 570.114 Executing VM operation: G1CollectForAllocation (G1 Evacuation Pause) done
Event: 570.162 Executing VM operation: G1PauseRemark
Event: 570.167 Executing VM operation: G1PauseRemark done
Event: 570.177 Executing VM operation: G1PauseCleanup
Event: 570.177 Executing VM operation: G1PauseCleanup done
Event: 570.351 Executing VM operation: G1CollectForAllocation (G1 Evacuation Pause)
Event: 570.361 Executing VM operation: G1CollectForAllocation (G1 Evacuation Pause) done
Event: 570.454 Executing VM operation: G1CollectForAllocation (G1 Evacuation Pause)
Event: 570.465 Executing VM operation: G1CollectForAllocation (G1 Evacuation Pause) done
Event: 570.493 Executing VM operation: G1TryInitiateConcMark (G1 Humongous Allocation)

Memory protections (0 events):
No events

Nmethod flushes (20 events):
Event: 570.166 Thread 0x0000024bf5a990a0 flushing  nmethod 0x0000024be20c6690
Event: 570.166 Thread 0x0000024bf5a990a0 flushing  nmethod 0x0000024be20c6c10
Event: 570.166 Thread 0x0000024bf5a990a0 flushing  nmethod 0x0000024be21cdd10
Event: 570.166 Thread 0x0000024bf5a990a0 flushing  nmethod 0x0000024be21d2390
Event: 570.166 Thread 0x0000024bf5a990a0 flushing  nmethod 0x0000024be21d2810
Event: 570.166 Thread 0x0000024bf5a990a0 flushing  nmethod 0x0000024be21d2c10
Event: 570.166 Thread 0x0000024bf5a990a0 flushing  nmethod 0x0000024be224c990
Event: 570.166 Thread 0x0000024bf5a990a0 flushing  nmethod 0x0000024be224d790
Event: 570.166 Thread 0x0000024bf5a990a0 flushing  nmethod 0x0000024be224e290
Event: 570.166 Thread 0x0000024bf5a990a0 flushing  nmethod 0x0000024be224e690
Event: 570.166 Thread 0x0000024bf5a990a0 flushing  nmethod 0x0000024be224f810
Event: 570.166 Thread 0x0000024bf5a990a0 flushing  nmethod 0x0000024be2250010
Event: 570.166 Thread 0x0000024bf5a990a0 flushing  nmethod 0x0000024be2250b90
Event: 570.166 Thread 0x0000024bf5a990a0 flushing  nmethod 0x0000024be228e890
Event: 570.166 Thread 0x0000024bf5a990a0 flushing  nmethod 0x0000024be228fd10
Event: 570.166 Thread 0x0000024bf5a990a0 flushing  nmethod 0x0000024be2290690
Event: 570.166 Thread 0x0000024bf5a990a0 flushing  nmethod 0x0000024be2295010
Event: 570.166 Thread 0x0000024bf5a990a0 flushing  nmethod 0x0000024be22bca10
Event: 570.166 Thread 0x0000024bf5a990a0 flushing  nmethod 0x0000024be22bce10
Event: 570.166 Thread 0x0000024bf5a990a0 flushing  nmethod 0x0000024be238fe10

Events (20 events):
Event: 570.473 Thread 0x0000024bff358c30 Thread exited: 0x0000024bff358c30
Event: 570.473 Thread 0x0000024bff35a670 Thread exited: 0x0000024bff35a670
Event: 570.473 Thread 0x0000024bff3564d0 Thread exited: 0x0000024bff3564d0
Event: 570.473 Thread 0x0000024bff359950 Thread exited: 0x0000024bff359950
Event: 570.473 Thread 0x0000024bff3592c0 Thread exited: 0x0000024bff3592c0
Event: 570.473 Thread 0x0000024bff357880 Thread exited: 0x0000024bff357880
Event: 570.484 Thread 0x0000024bfce9ca20 Thread added: 0x0000024bff35c740
Event: 570.485 Thread 0x0000024bff35c740 Thread added: 0x0000024bff35ba20
Event: 570.485 Thread 0x0000024bff35c740 Thread added: 0x0000024bff35a670
Event: 570.485 Thread 0x0000024bff35c740 Thread added: 0x0000024bff35cdd0
Event: 570.485 Thread 0x0000024bff35c740 Thread added: 0x0000024bff357880
Event: 570.485 Thread 0x0000024bff35c740 Thread added: 0x0000024bff35b390
Event: 570.486 Thread 0x0000024bff35c740 Thread added: 0x0000024bff3564d0
Event: 570.486 Thread 0x0000024bff35c740 Thread added: 0x0000024bff356b60
Event: 570.486 Thread 0x0000024bff35c740 Thread added: 0x0000024bff35d460
Event: 570.486 Thread 0x0000024bff35c740 Thread added: 0x0000024bff3571f0
Event: 570.486 Thread 0x0000024bff35c740 Thread added: 0x0000024bff3585a0
Event: 570.487 Thread 0x0000024bff35c740 Thread added: 0x0000024bff358c30
Event: 570.487 Thread 0x0000024bff35c740 Thread added: 0x0000024bff3592c0
Event: 570.487 Thread 0x0000024bff35c740 Thread added: 0x0000024bff359950


Dynamic libraries:
0x00007ff6e4f80000 - 0x00007ff6e4f8e000 	C:\Users\DELL\.p2\pool\plugins\org.eclipse.justj.openjdk.hotspot.jre.full.win32.x86_64_21.0.6.v20250130-0529\jre\bin\javaw.exe
0x00007ffd1b330000 - 0x00007ffd1b528000 	C:\Windows\SYSTEM32\ntdll.dll
0x00007ffd1a870000 - 0x00007ffd1a932000 	C:\Windows\System32\KERNEL32.DLL
0x00007ffd19000000 - 0x00007ffd192f6000 	C:\Windows\System32\KERNELBASE.dll
0x00007ffd18d70000 - 0x00007ffd18e70000 	C:\Windows\System32\ucrtbase.dll
0x00007ffd14530000 - 0x00007ffd1454e000 	C:\Users\DELL\.p2\pool\plugins\org.eclipse.justj.openjdk.hotspot.jre.full.win32.x86_64_21.0.6.v20250130-0529\jre\bin\VCRUNTIME140.dll
0x00007ffd14150000 - 0x00007ffd14168000 	C:\Users\DELL\.p2\pool\plugins\org.eclipse.justj.openjdk.hotspot.jre.full.win32.x86_64_21.0.6.v20250130-0529\jre\bin\jli.dll
0x00007ffd19380000 - 0x00007ffd1951d000 	C:\Windows\System32\USER32.dll
0x00007ffd18fd0000 - 0x00007ffd18ff2000 	C:\Windows\System32\win32u.dll
0x00007ffd1aaa0000 - 0x00007ffd1aacb000 	C:\Windows\System32\GDI32.dll
0x00007ffd030c0000 - 0x00007ffd0335a000 	C:\Windows\WinSxS\amd64_microsoft.windows.common-controls_6595b64144ccf1df_6.0.19041.4355_none_60b8b9eb71f62e16\COMCTL32.dll
0x00007ffd18c50000 - 0x00007ffd18d6a000 	C:\Windows\System32\gdi32full.dll
0x00007ffd1a170000 - 0x00007ffd1a20e000 	C:\Windows\System32\msvcrt.dll
0x00007ffd18aa0000 - 0x00007ffd18b3d000 	C:\Windows\System32\msvcp_win.dll
0x00007ffd19350000 - 0x00007ffd1937f000 	C:\Windows\System32\IMM32.DLL
0x00007ffd15c90000 - 0x00007ffd15c9c000 	C:\Users\DELL\.p2\pool\plugins\org.eclipse.justj.openjdk.hotspot.jre.full.win32.x86_64_21.0.6.v20250130-0529\jre\bin\vcruntime140_1.dll
0x00007ffd04340000 - 0x00007ffd043cd000 	C:\Users\DELL\.p2\pool\plugins\org.eclipse.justj.openjdk.hotspot.jre.full.win32.x86_64_21.0.6.v20250130-0529\jre\bin\msvcp140.dll
0x00007ffcde230000 - 0x00007ffcdefc0000 	C:\Users\DELL\.p2\pool\plugins\org.eclipse.justj.openjdk.hotspot.jre.full.win32.x86_64_21.0.6.v20250130-0529\jre\bin\server\jvm.dll
0x00007ffd19ac0000 - 0x00007ffd19b6f000 	C:\Windows\System32\ADVAPI32.dll
0x00007ffd19d00000 - 0x00007ffd19d9f000 	C:\Windows\System32\sechost.dll
0x00007ffd1a740000 - 0x00007ffd1a863000 	C:\Windows\System32\RPCRT4.dll
0x00007ffd18a70000 - 0x00007ffd18a97000 	C:\Windows\System32\bcrypt.dll
0x00007ffd1a2f0000 - 0x00007ffd1a35b000 	C:\Windows\System32\WS2_32.dll
0x00007ffd17f50000 - 0x00007ffd17f9b000 	C:\Windows\SYSTEM32\POWRPROF.dll
0x00007ffd015b0000 - 0x00007ffd015d7000 	C:\Windows\SYSTEM32\WINMM.dll
0x00007ffd10500000 - 0x00007ffd1050a000 	C:\Windows\SYSTEM32\VERSION.dll
0x00007ffd17dc0000 - 0x00007ffd17dd2000 	C:\Windows\SYSTEM32\UMPDC.dll
0x00007ffd17230000 - 0x00007ffd17242000 	C:\Windows\SYSTEM32\kernel.appcore.dll
0x00007ffd14580000 - 0x00007ffd1458a000 	C:\Users\DELL\.p2\pool\plugins\org.eclipse.justj.openjdk.hotspot.jre.full.win32.x86_64_21.0.6.v20250130-0529\jre\bin\jimage.dll
0x00007ffd16720000 - 0x00007ffd16904000 	C:\Windows\SYSTEM32\DBGHELP.DLL
0x00007ffcfdd70000 - 0x00007ffcfdda4000 	C:\Windows\SYSTEM32\dbgcore.DLL
0x00007ffd18bc0000 - 0x00007ffd18c42000 	C:\Windows\System32\bcryptPrimitives.dll
0x00007ffd11580000 - 0x00007ffd1159f000 	C:\Users\DELL\.p2\pool\plugins\org.eclipse.justj.openjdk.hotspot.jre.full.win32.x86_64_21.0.6.v20250130-0529\jre\bin\java.dll
0x00007ffd1ab80000 - 0x00007ffd1b2ef000 	C:\Windows\System32\SHELL32.dll
0x00007ffd16a20000 - 0x00007ffd171c3000 	C:\Windows\SYSTEM32\windows.storage.dll
0x00007ffd1a360000 - 0x00007ffd1a6b5000 	C:\Windows\System32\combase.dll
0x00007ffd183f0000 - 0x00007ffd1841b000 	C:\Windows\SYSTEM32\Wldp.dll
0x00007ffd19ed0000 - 0x00007ffd19f9d000 	C:\Windows\System32\OLEAUT32.dll
0x00007ffd1aad0000 - 0x00007ffd1ab7d000 	C:\Windows\System32\SHCORE.dll
0x00007ffd1aa40000 - 0x00007ffd1aa95000 	C:\Windows\System32\shlwapi.dll
0x00007ffd188f0000 - 0x00007ffd18915000 	C:\Windows\SYSTEM32\profapi.dll
0x00007ffd0ff60000 - 0x00007ffd0ff78000 	C:\Users\DELL\.p2\pool\plugins\org.eclipse.justj.openjdk.hotspot.jre.full.win32.x86_64_21.0.6.v20250130-0529\jre\bin\zip.dll
0x00007ffd14130000 - 0x00007ffd14140000 	C:\Users\DELL\.p2\pool\plugins\org.eclipse.justj.openjdk.hotspot.jre.full.win32.x86_64_21.0.6.v20250130-0529\jre\bin\net.dll
0x00007ffd10d60000 - 0x00007ffd10e6a000 	C:\Windows\SYSTEM32\WINHTTP.dll
0x00007ffd18150000 - 0x00007ffd181bc000 	C:\Windows\system32\mswsock.dll
0x00007ffd0f8e0000 - 0x00007ffd0f8f6000 	C:\Users\DELL\.p2\pool\plugins\org.eclipse.justj.openjdk.hotspot.jre.full.win32.x86_64_21.0.6.v20250130-0529\jre\bin\nio.dll
0x00007ffd14d20000 - 0x00007ffd14d2a000 	C:\Users\DELL\.p2\pool\plugins\org.eclipse.justj.openjdk.hotspot.jre.full.win32.x86_64_21.0.6.v20250130-0529\jre\bin\management.dll
0x00007ffd14520000 - 0x00007ffd1452b000 	C:\Users\DELL\.p2\pool\plugins\org.eclipse.justj.openjdk.hotspot.jre.full.win32.x86_64_21.0.6.v20250130-0529\jre\bin\management_ext.dll
0x00007ffd1a150000 - 0x00007ffd1a158000 	C:\Windows\System32\PSAPI.DLL
0x00007ffd0f8b0000 - 0x00007ffd0f8be000 	C:\Users\DELL\.p2\pool\plugins\org.eclipse.justj.openjdk.hotspot.jre.full.win32.x86_64_21.0.6.v20250130-0529\jre\bin\sunmscapi.dll
0x00007ffd18e70000 - 0x00007ffd18fcd000 	C:\Windows\System32\CRYPT32.dll
0x00007ffd18460000 - 0x00007ffd18487000 	C:\Windows\SYSTEM32\ncrypt.dll
0x00007ffd18420000 - 0x00007ffd1845b000 	C:\Windows\SYSTEM32\NTASN1.dll
0x00007ffd18350000 - 0x00007ffd18368000 	C:\Windows\SYSTEM32\CRYPTSP.dll
0x00007ffd17a00000 - 0x00007ffd17a38000 	C:\Windows\system32\rsaenh.dll
0x00007ffd18870000 - 0x00007ffd1889e000 	C:\Windows\SYSTEM32\USERENV.dll
0x00007ffd18340000 - 0x00007ffd1834c000 	C:\Windows\SYSTEM32\CRYPTBASE.dll
0x00007ffd17de0000 - 0x00007ffd17e1b000 	C:\Windows\SYSTEM32\IPHLPAPI.DLL
0x00007ffd1a940000 - 0x00007ffd1a948000 	C:\Windows\System32\NSI.dll
0x00007ffd140a0000 - 0x00007ffd140b0000 	C:\Users\DELL\.p2\pool\plugins\org.eclipse.justj.openjdk.hotspot.jre.full.win32.x86_64_21.0.6.v20250130-0529\jre\bin\verify.dll
0x00007ffd17e30000 - 0x00007ffd17efa000 	C:\Windows\SYSTEM32\DNSAPI.dll
0x00007ffd10110000 - 0x00007ffd1011a000 	C:\Windows\System32\rasadhlp.dll
0x00007ffd03d70000 - 0x00007ffd03df0000 	C:\Windows\System32\fwpuclnt.dll
0x00007ffd11c80000 - 0x00007ffd11c89000 	C:\Users\DELL\.p2\pool\plugins\org.eclipse.justj.openjdk.hotspot.jre.full.win32.x86_64_21.0.6.v20250130-0529\jre\bin\extnet.dll
0x00007ffd14140000 - 0x00007ffd14147000 	C:\Windows\system32\wshunix.dll

dbghelp: loaded successfully - version: 4.0.5 - missing functions: none
symbol engine: initialized successfully - sym options: 0x614 - pdb path: .;C:\Users\DELL\.p2\pool\plugins\org.eclipse.justj.openjdk.hotspot.jre.full.win32.x86_64_21.0.6.v20250130-0529\jre\bin;C:\Windows\SYSTEM32;C:\Windows\WinSxS\amd64_microsoft.windows.common-controls_6595b64144ccf1df_6.0.19041.4355_none_60b8b9eb71f62e16;C:\Users\DELL\.p2\pool\plugins\org.eclipse.justj.openjdk.hotspot.jre.full.win32.x86_64_21.0.6.v20250130-0529\jre\bin\server

VM Arguments:
jvm_args: -Dfile.encoding=UTF-8 -Dstdout.encoding=UTF-8 -Dstderr.encoding=UTF-8 -XX:+ShowCodeDetailsInExceptionMessages 
java_command: com.tcs.training.InventorySystemApplication
java_class_path (initial): C:\Users\DELL\Downloads\inventory-master\inventory-master\target\classes;C:\Users\DELL\.m2\repository\org\springframework\boot\spring-boot-starter-data-jpa\3.4.5\spring-boot-starter-data-jpa-3.4.5.jar;C:\Users\DELL\.m2\repository\org\springframework\boot\spring-boot-starter\3.4.5\spring-boot-starter-3.4.5.jar;C:\Users\DELL\.m2\repository\org\springframework\boot\spring-boot-starter-logging\3.4.5\spring-boot-starter-logging-3.4.5.jar;C:\Users\DELL\.m2\repository\ch\qos\logback\logback-classic\1.5.18\logback-classic-1.5.18.jar;C:\Users\DELL\.m2\repository\ch\qos\logback\logback-core\1.5.18\logback-core-1.5.18.jar;C:\Users\DELL\.m2\repository\org\apache\logging\log4j\log4j-to-slf4j\2.24.3\log4j-to-slf4j-2.24.3.jar;C:\Users\DELL\.m2\repository\org\apache\logging\log4j\log4j-api\2.24.3\log4j-api-2.24.3.jar;C:\Users\DELL\.m2\repository\org\slf4j\jul-to-slf4j\2.0.17\jul-to-slf4j-2.0.17.jar;C:\Users\DELL\.m2\repository\jakarta\annotation\jakarta.annotation-api\2.1.1\jakarta.annotation-api-2.1.1.jar;C:\Users\DELL\.m2\repository\org\yaml\snakeyaml\2.3\snakeyaml-2.3.jar;C:\Users\DELL\.m2\repository\org\springframework\boot\spring-boot-starter-jdbc\3.4.5\spring-boot-starter-jdbc-3.4.5.jar;C:\Users\DELL\.m2\repository\com\zaxxer\HikariCP\5.1.0\HikariCP-5.1.0.jar;C:\Users\DELL\.m2\repository\org\springframework\spring-jdbc\6.2.6\spring-jdbc-6.2.6.jar;C:\Users\DELL\.m2\repository\org\hibernate\orm\hibernate-core\6.6.13.Final\hibernate-core-6.6.13.Final.jar;C:\Users\DELL\.m2\repository\jakarta\persistence\jakarta.persistence-api\3.1.0\jakarta.persistence-api-3.1.0.jar;C:\Users\DELL\.m2\repository\jakarta\transaction\jakarta.transaction-api\2.0.1\jakarta.transaction-api-2.0.1.jar;C:\Users\DELL\.m2\repository\org\hibernate\common\hibernate-commons-annotations\7.0.3.Final\hibernate-commons-annotations-7.0.3.Final.jar;C:\Users\DELL\.m2\repository\io\smallrye\jandex\3.2.0\jandex-3.2.0.jar;C:\Users\DELL\.m2\repository\net\bytebuddy\byte-buddy\1.15.11\byte-buddy-1.15.11.jar;C:\Users\DELL\.m2\repository\org\glassfish\jaxb\jaxb-runtime\4.0.5\jaxb-runtime-4.0.5.jar;C:\Users\DELL\.m2\repository\org\glassfish\jaxb\jaxb-core\4.0.5\jaxb-core-4.0.5.jar;C:\Users\DELL\.m2\repository\org\eclipse\angus\angus-activation\2.0.2\angus-activation-2.0.2.jar;C:\Users\DELL\.m2\repository\org\glassfish\jaxb\txw2\4.0.5\txw2-4.0.5.jar;C:\Users\DELL\.m2\repository\com\sun\istack\istack-commons-runtime\4.1.2\istack-commons-runtime-4.1.2.jar;C:\Users\DELL\.m2\repository\jakarta\inject\jakarta.inject-api\2.0.1\jakarta.inject-api-2.0.1.jar;C:\Users\DELL\.m2\repository\org\antlr\antlr4-runtime\4.13.0\antlr4-runtime-4.13.0.jar;C:\Users\DELL\.m2\repository\org\springframework\data\spring-data-jpa\3.4.5\spring-data-jpa-3.4.5.jar;C:\Users\DELL\.m2\repository\org\springframework\data\spring-data-commons\3.4.5\spring-data-commons-3.4.5.jar;C:\Users\DELL\.m2\repository\org\springframework\spring-orm\6.2.6\spring-orm-6.2.6.jar;C:\Users\DELL\.m2\repository\org\springframework\spring-context\6.2.6\spring-context-6.2.6.jar;C:\Users\DELL\.m2\repository\org\springframework\spring-aop\6.2.6\spring-aop-6.2.6.jar;C:\Users\DELL\.m2\repository\org\springframework\spring-tx\6.2.6\spring-tx-6.2.6.jar;C:\Users\DELL\.m2\repository\org\springframework\spring-beans\6.2.6\spring-beans-6.2.6.jar;C:\Users\DELL\.m2\repository\org\slf4j\slf4j-api\2.0.17\slf4j-api-2.0.17.jar;C:\Users\DELL\.m2\repository\org\springframework\spring-aspects\6.2.6\spring-aspects-6.2.6.jar;C:\Users\DELL\.m2\repository\org\aspectj\aspectjweaver\1.9.24\aspectjweaver-1.9.24.jar;C:\Users\DELL\.m2\repository\org\springframework\boot\spring-boot-starter-thymeleaf\3.4.5\spring-boot-starter-thymeleaf-3.4.5.jar;C:\Users\DELL\.m2\repository\org\thymeleaf\thymeleaf-spring6\3.1.3.RELEASE\thymeleaf-spring6-3.1.3.RELEASE.jar;C:\Users\DELL\.m2\repository\org\thymeleaf\thymeleaf\3.1.3.RELEASE\thymeleaf-3.1.3.RELEASE.jar;C:\Users\DELL\.m2\repository\org\attoparser\attoparser\2.0.7.RELEASE\attoparser-2.0.7.RELEASE.jar;C:\Users\DELL\.m2\repository\org\unbescape\unbescape\1.1.6.RELEASE\unbescape-1.1.6.RELEASE.jar;C:\Users\DELL\.m2\repository\org\springframework\boot\spring-boot-starter-web\3.4.5\spring-boot-starter-web-3.4.5.jar;C:\Users\DELL\.m2\repository\org\springframework\boot\spring-boot-starter-json\3.4.5\spring-boot-starter-json-3.4.5.jar;C:\Users\DELL\.m2\repository\com\fasterxml\jackson\core\jackson-databind\2.18.3\jackson-databind-2.18.3.jar;C:\Users\DELL\.m2\repository\com\fasterxml\jackson\core\jackson-annotations\2.18.3\jackson-annotations-2.18.3.jar;C:\Users\DELL\.m2\repository\com\fasterxml\jackson\core\jackson-core\2.18.3\jackson-core-2.18.3.jar;C:\Users\DELL\.m2\repository\com\fasterxml\jackson\datatype\jackson-datatype-jdk8\2.18.3\jackson-datatype-jdk8-2.18.3.jar;C:\Users\DELL\.m2\repository\com\fasterxml\jackson\datatype\jackson-datatype-jsr310\2.18.3\jackson-datatype-jsr310-2.18.3.jar;C:\Users\DELL\.m2\repository\com\fasterxml\jackson\module\jackson-module-parameter-names\2.18.3\jackson-module-parameter-names-2.18.3.jar;C:\Users\DELL\.m2\repository\org\springframework\boot\spring-boot-starter-tomcat\3.4.5\spring-boot-starter-tomcat-3.4.5.jar;C:\Users\DELL\.m2\repository\org\apache\tomcat\embed\tomcat-embed-websocket\10.1.40\tomcat-embed-websocket-10.1.40.jar;C:\Users\DELL\.m2\repository\org\springframework\spring-web\6.2.6\spring-web-6.2.6.jar;C:\Users\DELL\.m2\repository\io\micrometer\micrometer-observation\1.14.6\micrometer-observation-1.14.6.jar;C:\Users\DELL\.m2\repository\io\micrometer\micrometer-commons\1.14.6\micrometer-commons-1.14.6.jar;C:\Users\DELL\.m2\repository\org\springframework\spring-webmvc\6.2.6\spring-webmvc-6.2.6.jar;C:\Users\DELL\.m2\repository\org\springframework\spring-expression\6.2.6\spring-expression-6.2.6.jar;C:\Users\DELL\.m2\repository\org\springframework\boot\spring-boot-devtools\3.4.5\spring-boot-devtools-3.4.5.jar;C:\Users\DELL\.m2\repository\org\springframework\boot\spring-boot\3.4.5\spring-boot-3.4.5.jar;C:\Users\DELL\.m2\repository\org\springframework\boot\spring-boot-autoconfigure\3.4.5\spring-boot-autoconfigure-3.4.5.jar;C:\Users\DELL\.m2\repository\org\hibernate\hibernate-validator\5.2.4.Final\hibernate-validator-5.2.4.Final.jar;C:\Users\DELL\.m2\repository\javax\validation\validation-api\1.1.0.Final\validation-api-1.1.0.Final.jar;C:\Users\DELL\.m2\repository\org\jboss\logging\jboss-logging\3.6.1.Final\jboss-logging-3.6.1.Final.jar;C:\Users\DELL\.m2\repository\com\fasterxml\classmate\1.7.0\classmate-1.7.0.jar;C:\Users\DELL\.m2\repository\org\springdoc\springdoc-openapi-starter-webmvc-ui\2.0.2\springdoc-openapi-starter-webmvc-ui-2.0.2.jar;C:\Users\DELL\.m2\repository\org\springdoc\springdoc-openapi-starter-webmvc-api\2.0.2\springdoc-openapi-starter-webmvc-api-2.0.2.jar;C:\Users\DELL\.m2\repository\org\springdoc\springdoc-openapi-starter-common\2.0.2\springdoc-openapi-starter-common-2.0.2.jar;C:\Users\DELL\.m2\repository\io\swagger\core\v3\swagger-core-jakarta\2.2.7\swagger-core-jakarta-2.2.7.jar;C:\Users\DELL\.m2\repository\org\apache\commons\commons-lang3\3.17.0\commons-lang3-3.17.0.jar;C:\Users\DELL\.m2\repository\io\swagger\core\v3\swagger-annotations-jakarta\2.2.7\swagger-annotations-jakarta-2.2.7.jar;C:\Users\DELL\.m2\repository\io\swagger\core\v3\swagger-models-jakarta\2.2.7\swagger-models-jakarta-2.2.7.jar;C:\Users\DELL\.m2\repository\jakarta\validation\jakarta.validation-api\3.0.2\jakarta.validation-api-3.0.2.jar;C:\Users\DELL\.m2\repository\com\fasterxml\jackson\dataformat\jackson-dataformat-yaml\2.18.3\jackson-dataformat-yaml-2.18.3.jar;C:\Users\DELL\.m2\repository\org\webjars\swagger-ui\4.15.5\swagger-ui-4.15.5.jar;C:\Users\DELL\.m2\repository\org\webjars\webjars-locator-core\0.59\webjars-locator-core-0.59.jar;C:\Users\DELL\.m2\repository\io\github\classgraph\classgraph\4.8.149\classgraph-4.8.149.jar;C:\Users\DELL\.m2\repository\com\mysql\mysql-connector-j\9.1.0\mysql-connector-j-9.1.0.jar;C:\Users\DELL\.m2\repository\org\apache\tomcat\embed\tomcat-embed-jasper\10.1.40\tomcat-embed-jasper-10.1.40.jar;C:\Users\DELL\.m2\repository\org\apache\tomcat\embed\tomcat-embed-core\10.1.40\tomcat-embed-core-10.1.40.jar;C:\Users\DELL\.m2\repository\org\apache\tomcat\tomcat-annotations-api\10.1.40\tomcat-annotations-api-10.1.40.jar;C:\Users\DELL\.m2\repository\org\apache\tomcat\embed\tomcat-embed-el\10.1.40\tomcat-embed-el-10.1.40.jar;C:\Users\DELL\.m2\repository\org\eclipse\jdt\ecj\3.33.0\ecj-3.33.0.jar;C:\Users\DELL\.m2\repository\jakarta\xml\bind\jakarta.xml.bind-api\4.0.2\jakarta.xml.bind-api-4.0.2.jar;C:\Users\DELL\.m2\repository\jakarta\activation\jakarta.activation-api\2.1.3\jakarta.activation-api-2.1.3.jar;C:\Users\DELL\.m2\repository\org\springframework\spring-core\6.2.6\spring-core-6.2.6.jar;C:\Users\DELL\.m2\repository\org\springframework\spring-jcl\6.2.6\spring-jcl-6.2.6.jar
Launcher Type: SUN_STANDARD

[Global flags]
     intx CICompilerCount                          = 4                                         {product} {ergonomic}
     uint ConcGCThreads                            = 2                                         {product} {ergonomic}
     uint G1ConcRefinementThreads                  = 8                                         {product} {ergonomic}
   size_t G1HeapRegionSize                         = 1048576                                   {product} {ergonomic}
    uintx GCDrainStackTargetSize                   = 64                                        {product} {ergonomic}
   size_t InitialHeapSize                          = 132120576                                 {product} {ergonomic}
   size_t MarkStackSize                            = 4194304                                   {product} {ergonomic}
   size_t MaxHeapSize                              = 2086666240                                {product} {ergonomic}
   size_t MaxNewSize                               = 1251999744                                {product} {ergonomic}
   size_t MinHeapDeltaBytes                        = 1048576                                   {product} {ergonomic}
   size_t MinHeapSize                              = 8388608                                   {product} {ergonomic}
    uintx NonNMethodCodeHeapSize                   = 5839372                                {pd product} {ergonomic}
    uintx NonProfiledCodeHeapSize                  = 122909434                              {pd product} {ergonomic}
    uintx ProfiledCodeHeapSize                     = 122909434                              {pd product} {ergonomic}
    uintx ReservedCodeCacheSize                    = 251658240                              {pd product} {ergonomic}
     bool SegmentedCodeCache                       = true                                      {product} {ergonomic}
     bool ShowCodeDetailsInExceptionMessages       = true                                   {manageable} {command line}
   size_t SoftMaxHeapSize                          = 2086666240                             {manageable} {ergonomic}
     bool UseCompressedOops                        = true                           {product lp64_product} {ergonomic}
     bool UseG1GC                                  = true                                      {product} {ergonomic}
     bool UseLargePagesIndividualAllocation        = false                                  {pd product} {ergonomic}

Logging:
Log output configuration:
 #0: stdout all=warning uptime,level,tags foldmultilines=false
 #1: stderr all=off uptime,level,tags foldmultilines=false

Environment Variables:
PATH=C:/Users/DELL/.p2/pool/plugins/org.eclipse.justj.openjdk.hotspot.jre.full.win32.x86_64_21.0.6.v20250130-0529/jre/bin/server;C:/Users/DELL/.p2/pool/plugins/org.eclipse.justj.openjdk.hotspot.jre.full.win32.x86_64_21.0.6.v20250130-0529/jre/bin;C:\Program Files\Common Files\Oracle\Java\javapath;C:\Windows\system32;C:\Windows;C:\Windows\System32\Wbem;C:\Windows\System32\WindowsPowerShell\v1.0\;C:\Windows\System32\OpenSSH\;C:\Program Files (x86)\NVIDIA Corporation\PhysX\Common;C:\Program Files\Git\cmd;C:\Program Files\php;C:\ProgramData\ComposerSetup\bin;C:\Program Files\dotnet\;C:\Program Files\nodejs\;C:\Program Files\Common Files\Oracle\Java\javapath;C:\Windows\system32;C:\Windows;C:\Windows\System32\Wbem;C:\Windows\System32\WindowsPowerShell\v1.0\;C:\Windows\System32\OpenSSH\;C:\Program Files (x86)\NVIDIA Corporation\PhysX\Common;C:\Program Files\Git\cmd;C:\Program Files\php;C:\ProgramData\ComposerSetup\bin;C:\Program Files\dotnet\;C:\Program Files\nodejs\;C:\path\to\php;C:\Users\DELL\AppData\Local\Programs\Microsoft VS Code\bin;C:\Users\DELL\AppData\Roaming\Composer\vendor\bin;C:\Program Files\JetBrains\IntelliJ IDEA Community Edition 2024.1.2\bin;;C:\Users\DELL\AppData\Roaming\npm;C:\Users\DELL\Desktop;
USERNAME=DELL
OS=Windows_NT
PROCESSOR_IDENTIFIER=Intel64 Family 6 Model 126 Stepping 5, GenuineIntel
TMP=C:\Users\DELL\AppData\Local\Temp
TEMP=C:\Users\DELL\AppData\Local\Temp




Periodic native trim disabled

---------------  S Y S T E M  ---------------

OS:
 Windows 10 , 64 bit Build 19041 (10.0.19041.5678)
OS uptime: 16 days 0:28 hours

CPU: total 8 (initial active 8) (4 cores per cpu, 2 threads per core) family 6 model 126 stepping 5 microcode 0xc2, cx8, cmov, fxsr, ht, mmx, 3dnowpref, sse, sse2, sse3, ssse3, sse4.1, sse4.2, popcnt, lzcnt, tsc, tscinvbit, avx, avx2, aes, erms, clmul, bmi1, bmi2, adx, avx512f, avx512dq, avx512cd, avx512bw, avx512vl, sha, fma, vzeroupper, avx512_vpopcntdq, avx512_vpclmulqdq, avx512_vaes, avx512_vnni, clflush, clflushopt, avx512_vbmi2, avx512_vbmi, rdtscp, rdpid, fsrm, gfni, avx512_bitalg, f16c, pku, avx512_ifma
Processor Information for the first 8 processors :
  Max Mhz: 1498, Current Mhz: 1298, Mhz Limit: 1288

Memory: 4k page, system-wide physical 7959M (661M free)
TotalPageFile size 10007M (AvailPageFile size 39M)
current process WorkingSet (physical memory assigned to process): 352M, peak: 416M
current process commit charge ("private bytes"): 413M, peak: 489M

vm_info: OpenJDK 64-Bit Server VM (21.0.6+7-LTS) for windows-amd64 JRE (21.0.6+7-LTS), built on 2025-01-21T00:00:00Z by "admin" with MS VC++ 17.7 (VS2022)

END.
